  aes.c
  exchangeattack.c
C:\Users\Shinhanbum\Desktop\ExchangeAttack-master\Lib_Source\exchangeattack.c(96,6): warning C4101: 'i' :참조되지 않은 지역 변수입니다.
C:\Users\Shinhanbum\Desktop\ExchangeAttack-master\Lib_Source\exchangeattack.c(143,8): warning C4244: '함수': 'time_t'에서 'unsigned int'(으)로 변환하면서 데이터가 손실될 수 있습니다.
C:\Users\Shinhanbum\Desktop\ExchangeAttack-master\Lib_Source\exchangeattack.c(163,38): warning C4244: '=': 'uint64_t'에서 'uint8_t'(으)로 변환하면서 데이터가 손실될 수 있습니다.
C:\Users\Shinhanbum\Desktop\ExchangeAttack-master\Lib_Source\exchangeattack.c(176,39): warning C4244: '=': 'uint64_t'에서 'uint8_t'(으)로 변환하면서 데이터가 손실될 수 있습니다.
C:\Users\Shinhanbum\Desktop\ExchangeAttack-master\Lib_Source\exchangeattack.c(320,16): warning C4098: 'EXCHANGE_DISTINGUISHER': 'void' 함수에서 값을 반환하고 있습니다.
C:\Users\Shinhanbum\Desktop\ExchangeAttack-master\Lib_Source\exchangeattack.c(328,16): warning C4098: 'EXCHANGE_DISTINGUISHER': 'void' 함수에서 값을 반환하고 있습니다.
C:\Users\Shinhanbum\Desktop\ExchangeAttack-master\Lib_Source\exchangeattack.c(459,16): warning C4098: 'EXCHANGE_DISTINGUISHER': 'void' 함수에서 값을 반환하고 있습니다.
C:\Users\Shinhanbum\Desktop\ExchangeAttack-master\Lib_Source\exchangeattack.c(467,16): warning C4098: 'EXCHANGE_DISTINGUISHER': 'void' 함수에서 값을 반환하고 있습니다.
C:\Users\Shinhanbum\Desktop\ExchangeAttack-master\Lib_Source\exchangeattack.c(598,16): warning C4098: 'EXCHANGE_DISTINGUISHER': 'void' 함수에서 값을 반환하고 있습니다.
C:\Users\Shinhanbum\Desktop\ExchangeAttack-master\Lib_Source\exchangeattack.c(606,16): warning C4098: 'EXCHANGE_DISTINGUISHER': 'void' 함수에서 값을 반환하고 있습니다.
C:\Users\Shinhanbum\Desktop\ExchangeAttack-master\Lib_Source\exchangeattack.c(737,16): warning C4098: 'EXCHANGE_DISTINGUISHER': 'void' 함수에서 값을 반환하고 있습니다.
C:\Users\Shinhanbum\Desktop\ExchangeAttack-master\Lib_Source\exchangeattack.c(745,16): warning C4098: 'EXCHANGE_DISTINGUISHER': 'void' 함수에서 값을 반환하고 있습니다.
C:\Users\Shinhanbum\Desktop\ExchangeAttack-master\Lib_Source\exchangeattack.c(861,8): warning C4244: '함수': 'time_t'에서 'unsigned int'(으)로 변환하면서 데이터가 손실될 수 있습니다.
C:\Users\Shinhanbum\Desktop\ExchangeAttack-master\Lib_Source\exchangeattack.c(871,38): warning C4244: '=': 'uint64_t'에서 'uint8_t'(으)로 변환하면서 데이터가 손실될 수 있습니다.
C:\Users\Shinhanbum\Desktop\ExchangeAttack-master\Lib_Source\exchangeattack.c(884,39): warning C4244: '=': 'uint64_t'에서 'uint8_t'(으)로 변환하면서 데이터가 손실될 수 있습니다.
C:\Users\Shinhanbum\Desktop\ExchangeAttack-master\Lib_Source\exchangeattack.c(1393,8): warning C4244: '함수': 'time_t'에서 'unsigned int'(으)로 변환하면서 데이터가 손실될 수 있습니다.
C:\Users\Shinhanbum\Desktop\ExchangeAttack-master\Lib_Source\exchangeattack.c(1415,38): warning C4244: '=': 'uint64_t'에서 'uint8_t'(으)로 변환하면서 데이터가 손실될 수 있습니다.
C:\Users\Shinhanbum\Desktop\ExchangeAttack-master\Lib_Source\exchangeattack.c(1428,39): warning C4244: '=': 'uint64_t'에서 'uint8_t'(으)로 변환하면서 데이터가 손실될 수 있습니다.
C:\Users\Shinhanbum\Desktop\ExchangeAttack-master\Lib_Source\exchangeattack.c(2042,38): warning C4244: '=': 'uint64_t'에서 'uint8_t'(으)로 변환하면서 데이터가 손실될 수 있습니다.
C:\Users\Shinhanbum\Desktop\ExchangeAttack-master\Lib_Source\exchangeattack.c(2055,39): warning C4244: '=': 'uint64_t'에서 'uint8_t'(으)로 변환하면서 데이터가 손실될 수 있습니다.
C:\Users\Shinhanbum\Desktop\ExchangeAttack-master\Lib_Source\exchangeattack.c(2731,49): warning C4244: '=': 'uint64_t'에서 'uint32_t'(으)로 변환하면서 데이터가 손실될 수 있습니다.
C:\Users\Shinhanbum\Desktop\ExchangeAttack-master\Lib_Source\exchangeattack.c(2745,49): warning C4244: '=': 'uint64_t'에서 'uint32_t'(으)로 변환하면서 데이터가 손실될 수 있습니다.
C:\Users\Shinhanbum\Desktop\ExchangeAttack-master\Lib_Source\exchangeattack.c(2810,49): warning C4244: '=': 'uint64_t'에서 'uint32_t'(으)로 변환하면서 데이터가 손실될 수 있습니다.
C:\Users\Shinhanbum\Desktop\ExchangeAttack-master\Lib_Source\exchangeattack.c(2824,49): warning C4244: '=': 'uint64_t'에서 'uint32_t'(으)로 변환하면서 데이터가 손실될 수 있습니다.
     C:\Users\Shinhanbum\Desktop\ExchangeAttack-master\x64\Release\libciphertools.lib 라이브러리 및 C:\Users\Shinhanbum\Desktop\ExchangeAttack-master\x64\Release\libciphertools.exp 개체를 생성하고 있습니다.
  코드를 생성하고 있습니다.
  Previous IPDB not found, fall back to full compilation.
  All 33 functions were compiled because no usable IPDB/IOBJ from previous compilation was found.
  코드를 생성했습니다.
  CipherToolsW.vcxproj -> C:\Users\Shinhanbum\Desktop\ExchangeAttack-master\x64\Release\libciphertools.dll
  C:\Users\Shinhanbum\Desktop\ExchangeAttack-master\x64\Release\libciphertools.dll
  1개 파일이 복사되었습니다.
  C:\Users\Shinhanbum\Desktop\ExchangeAttack-master\x64\Release\libciphertools.lib
  1개 파일이 복사되었습니다.
