  소스의 유효성을 검사하는 중
  소스를 '127.0.0.1'(으)로 원격으로 복사하는 중
  아키텍처의 유효성을 검사하는 중
  아키텍처의 유효성을 검사하는 중
  원격 빌드를 시작하는 중
  소스를 컴파일하는 중:
  exchangeattack.c
  aes.c
C:\Users\Shinhanbum\Desktop\ExchangeAttack-master\CipherToolsL\..\Lib_Source\aes.c(205,7): warning : conversion from ‘int’ to ‘uint8_t’ {aka ‘unsigned char’} may change value [-Wconversion]
C:\Users\Shinhanbum\Desktop\ExchangeAttack-master\CipherToolsL\..\Lib_Source\aes.c(205,7): warning :   205 |       (  ((y & 1) * x) ^                              \
C:\Users\Shinhanbum\Desktop\ExchangeAttack-master\CipherToolsL\..\Lib_Source\aes.c(205,7): warning :       |       ^
C:\Users\Shinhanbum\Desktop\ExchangeAttack-master\CipherToolsL\..\Lib_Source\aes.c(224,20): message : in expansion of macro ‘Multiply’
C:\Users\Shinhanbum\Desktop\ExchangeAttack-master\CipherToolsL\..\Lib_Source\aes.c(224,20): message :   224 |   (*state)[i][0] = Multiply(a, 0x02) ^ Multiply(b, 0x03) ^ Multiply(c, 0x01) ^ Multiply(d, 0x01);
C:\Users\Shinhanbum\Desktop\ExchangeAttack-master\CipherToolsL\..\Lib_Source\aes.c(224,20): message :       |                    ^~~~~~~~
C:\Users\Shinhanbum\Desktop\ExchangeAttack-master\CipherToolsL\..\Lib_Source\aes.c(205,7): warning : conversion from ‘int’ to ‘uint8_t’ {aka ‘unsigned char’} may change value [-Wconversion]
C:\Users\Shinhanbum\Desktop\ExchangeAttack-master\CipherToolsL\..\Lib_Source\aes.c(205,7): warning :   205 |       (  ((y & 1) * x) ^                              \
C:\Users\Shinhanbum\Desktop\ExchangeAttack-master\CipherToolsL\..\Lib_Source\aes.c(205,7): warning :       |       ^
C:\Users\Shinhanbum\Desktop\ExchangeAttack-master\CipherToolsL\..\Lib_Source\aes.c(225,20): message : in expansion of macro ‘Multiply’
C:\Users\Shinhanbum\Desktop\ExchangeAttack-master\CipherToolsL\..\Lib_Source\aes.c(225,20): message :   225 |   (*state)[i][1] = Multiply(a, 0x01) ^ Multiply(b, 0x02) ^ Multiply(c, 0x03) ^ Multiply(d, 0x01);
C:\Users\Shinhanbum\Desktop\ExchangeAttack-master\CipherToolsL\..\Lib_Source\aes.c(225,20): message :       |                    ^~~~~~~~
C:\Users\Shinhanbum\Desktop\ExchangeAttack-master\CipherToolsL\..\Lib_Source\aes.c(205,7): warning : conversion from ‘int’ to ‘uint8_t’ {aka ‘unsigned char’} may change value [-Wconversion]
C:\Users\Shinhanbum\Desktop\ExchangeAttack-master\CipherToolsL\..\Lib_Source\aes.c(205,7): warning :   205 |       (  ((y & 1) * x) ^                              \
C:\Users\Shinhanbum\Desktop\ExchangeAttack-master\CipherToolsL\..\Lib_Source\aes.c(205,7): warning :       |       ^
C:\Users\Shinhanbum\Desktop\ExchangeAttack-master\CipherToolsL\..\Lib_Source\aes.c(226,20): message : in expansion of macro ‘Multiply’
C:\Users\Shinhanbum\Desktop\ExchangeAttack-master\CipherToolsL\..\Lib_Source\aes.c(226,20): message :   226 |   (*state)[i][2] = Multiply(a, 0x01) ^ Multiply(b, 0x01) ^ Multiply(c, 0x02) ^ Multiply(d, 0x03);
C:\Users\Shinhanbum\Desktop\ExchangeAttack-master\CipherToolsL\..\Lib_Source\aes.c(226,20): message :       |                    ^~~~~~~~
C:\Users\Shinhanbum\Desktop\ExchangeAttack-master\CipherToolsL\..\Lib_Source\aes.c(205,7): warning : conversion from ‘int’ to ‘uint8_t’ {aka ‘unsigned char’} may change value [-Wconversion]
C:\Users\Shinhanbum\Desktop\ExchangeAttack-master\CipherToolsL\..\Lib_Source\aes.c(205,7): warning :   205 |       (  ((y & 1) * x) ^                              \
C:\Users\Shinhanbum\Desktop\ExchangeAttack-master\CipherToolsL\..\Lib_Source\aes.c(205,7): warning :       |       ^
C:\Users\Shinhanbum\Desktop\ExchangeAttack-master\CipherToolsL\..\Lib_Source\aes.c(227,20): message : in expansion of macro ‘Multiply’
C:\Users\Shinhanbum\Desktop\ExchangeAttack-master\CipherToolsL\..\Lib_Source\aes.c(227,20): message :   227 |   (*state)[i][3] = Multiply(a, 0x03) ^ Multiply(b, 0x01) ^ Multiply(c, 0x01) ^ Multiply(d, 0x02);
C:\Users\Shinhanbum\Desktop\ExchangeAttack-master\CipherToolsL\..\Lib_Source\aes.c(227,20): message :       |                    ^~~~~~~~
C:\Users\Shinhanbum\Desktop\ExchangeAttack-master\CipherToolsL\..\Lib_Source\aes.c(205,7): warning : conversion from ‘int’ to ‘uint8_t’ {aka ‘unsigned char’} may change value [-Wconversion]
C:\Users\Shinhanbum\Desktop\ExchangeAttack-master\CipherToolsL\..\Lib_Source\aes.c(205,7): warning :   205 |       (  ((y & 1) * x) ^                              \
C:\Users\Shinhanbum\Desktop\ExchangeAttack-master\CipherToolsL\..\Lib_Source\aes.c(205,7): warning :       |       ^
C:\Users\Shinhanbum\Desktop\ExchangeAttack-master\CipherToolsL\..\Lib_Source\aes.c(244,20): message : in expansion of macro ‘Multiply’
C:\Users\Shinhanbum\Desktop\ExchangeAttack-master\CipherToolsL\..\Lib_Source\aes.c(244,20): message :   244 |   (*state)[i][0] = Multiply(a, 0x0e) ^ Multiply(b, 0x0b) ^ Multiply(c, 0x0d) ^ Multiply(d, 0x09);
C:\Users\Shinhanbum\Desktop\ExchangeAttack-master\CipherToolsL\..\Lib_Source\aes.c(244,20): message :       |                    ^~~~~~~~
C:\Users\Shinhanbum\Desktop\ExchangeAttack-master\CipherToolsL\..\Lib_Source\aes.c(205,7): warning : conversion from ‘int’ to ‘uint8_t’ {aka ‘unsigned char’} may change value [-Wconversion]
C:\Users\Shinhanbum\Desktop\ExchangeAttack-master\CipherToolsL\..\Lib_Source\aes.c(205,7): warning :   205 |       (  ((y & 1) * x) ^                              \
C:\Users\Shinhanbum\Desktop\ExchangeAttack-master\CipherToolsL\..\Lib_Source\aes.c(205,7): warning :       |       ^
C:\Users\Shinhanbum\Desktop\ExchangeAttack-master\CipherToolsL\..\Lib_Source\aes.c(245,20): message : in expansion of macro ‘Multiply’
C:\Users\Shinhanbum\Desktop\ExchangeAttack-master\CipherToolsL\..\Lib_Source\aes.c(245,20): message :   245 |   (*state)[i][1] = Multiply(a, 0x09) ^ Multiply(b, 0x0e) ^ Multiply(c, 0x0b) ^ Multiply(d, 0x0d);
C:\Users\Shinhanbum\Desktop\ExchangeAttack-master\CipherToolsL\..\Lib_Source\aes.c(245,20): message :       |                    ^~~~~~~~
C:\Users\Shinhanbum\Desktop\ExchangeAttack-master\CipherToolsL\..\Lib_Source\aes.c(205,7): warning : conversion from ‘int’ to ‘uint8_t’ {aka ‘unsigned char’} may change value [-Wconversion]
C:\Users\Shinhanbum\Desktop\ExchangeAttack-master\CipherToolsL\..\Lib_Source\aes.c(205,7): warning :   205 |       (  ((y & 1) * x) ^                              \
C:\Users\Shinhanbum\Desktop\ExchangeAttack-master\CipherToolsL\..\Lib_Source\aes.c(205,7): warning :       |       ^
C:\Users\Shinhanbum\Desktop\ExchangeAttack-master\CipherToolsL\..\Lib_Source\aes.c(246,20): message : in expansion of macro ‘Multiply’
C:\Users\Shinhanbum\Desktop\ExchangeAttack-master\CipherToolsL\..\Lib_Source\aes.c(246,20): message :   246 |   (*state)[i][2] = Multiply(a, 0x0d) ^ Multiply(b, 0x09) ^ Multiply(c, 0x0e) ^ Multiply(d, 0x0b);
C:\Users\Shinhanbum\Desktop\ExchangeAttack-master\CipherToolsL\..\Lib_Source\aes.c(246,20): message :       |                    ^~~~~~~~
C:\Users\Shinhanbum\Desktop\ExchangeAttack-master\CipherToolsL\..\Lib_Source\aes.c(205,7): warning : conversion from ‘int’ to ‘uint8_t’ {aka ‘unsigned char’} may change value [-Wconversion]
C:\Users\Shinhanbum\Desktop\ExchangeAttack-master\CipherToolsL\..\Lib_Source\aes.c(205,7): warning :   205 |       (  ((y & 1) * x) ^                              \
C:\Users\Shinhanbum\Desktop\ExchangeAttack-master\CipherToolsL\..\Lib_Source\aes.c(205,7): warning :       |       ^
C:\Users\Shinhanbum\Desktop\ExchangeAttack-master\CipherToolsL\..\Lib_Source\aes.c(247,20): message : in expansion of macro ‘Multiply’
C:\Users\Shinhanbum\Desktop\ExchangeAttack-master\CipherToolsL\..\Lib_Source\aes.c(247,20): message :   247 |   (*state)[i][3] = Multiply(a, 0x0b) ^ Multiply(b, 0x0d) ^ Multiply(c, 0x09) ^ Multiply(d, 0x0e);
C:\Users\Shinhanbum\Desktop\ExchangeAttack-master\CipherToolsL\..\Lib_Source\aes.c(247,20): message :       |                    ^~~~~~~~
C:\Users\Shinhanbum\Desktop\ExchangeAttack-master\CipherToolsL\..\Lib_Source\aes.c(317,14): warning : conversion from ‘int’ to ‘uint8_t’ {aka ‘unsigned char’} may change value [-Wconversion]
C:\Users\Shinhanbum\Desktop\ExchangeAttack-master\CipherToolsL\..\Lib_Source\aes.c(317,14): warning :   317 |  AddRoundKey(round, tmp_state, RoundKey);
C:\Users\Shinhanbum\Desktop\ExchangeAttack-master\CipherToolsL\..\Lib_Source\aes.c(317,14): warning :       |              ^~~~~
C:\Users\Shinhanbum\Desktop\ExchangeAttack-master\CipherToolsL\..\Lib_Source\aes.c(333,14): warning : conversion from ‘int’ to ‘uint8_t’ {aka ‘unsigned char’} may change value [-Wconversion]
C:\Users\Shinhanbum\Desktop\ExchangeAttack-master\CipherToolsL\..\Lib_Source\aes.c(333,14): warning :   333 |  AddRoundKey(round, tmp_state, RoundKey);
C:\Users\Shinhanbum\Desktop\ExchangeAttack-master\CipherToolsL\..\Lib_Source\aes.c(333,14): warning :       |              ^~~~~
C:\Users\Shinhanbum\Desktop\ExchangeAttack-master\CipherToolsL\..\Lib_Source\aes.c(338,19): warning : conversion from ‘int’ to ‘uint8_t’ {aka ‘unsigned char’} may change value [-Wconversion]
C:\Users\Shinhanbum\Desktop\ExchangeAttack-master\CipherToolsL\..\Lib_Source\aes.c(338,19): warning :   338 |  for (round_idx = (round - 1); round_idx > 0; --round_idx)
C:\Users\Shinhanbum\Desktop\ExchangeAttack-master\CipherToolsL\..\Lib_Source\aes.c(338,19): warning :       |                   ^
C:\Users\Shinhanbum\Desktop\ExchangeAttack-master\CipherToolsL\..\Lib_Source\aes.c(413,19): warning : conversion from ‘int’ to ‘uint8_t’ {aka ‘unsigned char’} may change value [-Wconversion]
C:\Users\Shinhanbum\Desktop\ExchangeAttack-master\CipherToolsL\..\Lib_Source\aes.c(413,19): warning :   413 |  for (round_idx = (round - 1); round_idx > 0; --round_idx)
C:\Users\Shinhanbum\Desktop\ExchangeAttack-master\CipherToolsL\..\Lib_Source\aes.c(413,19): warning :       |                   ^
C:\Users\Shinhanbum\Desktop\ExchangeAttack-master\CipherToolsL\..\Lib_Source\aes.c(495,19): warning : conversion from ‘int’ to ‘uint8_t’ {aka ‘unsigned char’} may change value [-Wconversion]
C:\Users\Shinhanbum\Desktop\ExchangeAttack-master\CipherToolsL\..\Lib_Source\aes.c(495,19): warning :   495 |  for (round_idx = (round - 1); round_idx > 0; --round_idx)
C:\Users\Shinhanbum\Desktop\ExchangeAttack-master\CipherToolsL\..\Lib_Source\aes.c(495,19): warning :       |                   ^
C:\Users\Shinhanbum\Desktop\ExchangeAttack-master\CipherToolsL\..\Lib_Source\aes.c(533,1): warning : control reaches end of non-void function [-Wreturn-type]
C:\Users\Shinhanbum\Desktop\ExchangeAttack-master\CipherToolsL\..\Lib_Source\aes.c(533,1): warning :   533 | }
C:\Users\Shinhanbum\Desktop\ExchangeAttack-master\CipherToolsL\..\Lib_Source\aes.c(533,1): warning :       | ^
C:\Users\Shinhanbum\Desktop\ExchangeAttack-master\CipherToolsL\..\Lib_Source\exchangeattack.c(88,7): warning : conversion from ‘int’ to ‘uint8_t’ {aka ‘unsigned char’} may change value [-Wconversion]
C:\Users\Shinhanbum\Desktop\ExchangeAttack-master\CipherToolsL\..\Lib_Source\exchangeattack.c(88,7): warning :    88 |       (  ((y & 1) * x) ^                              \
C:\Users\Shinhanbum\Desktop\ExchangeAttack-master\CipherToolsL\..\Lib_Source\exchangeattack.c(88,7): warning :       |       ^
C:\Users\Shinhanbum\Desktop\ExchangeAttack-master\CipherToolsL\..\Lib_Source\exchangeattack.c(104,13): message : in expansion of macro ‘Multiply’
C:\Users\Shinhanbum\Desktop\ExchangeAttack-master\CipherToolsL\..\Lib_Source\exchangeattack.c(104,13): message :   104 |  state[0] = Multiply(a, 0x02) ^ Multiply(b, 0x03) ^ Multiply(c, 0x01) ^ Multiply(d, 0x01);
C:\Users\Shinhanbum\Desktop\ExchangeAttack-master\CipherToolsL\..\Lib_Source\exchangeattack.c(104,13): message :       |             ^~~~~~~~
C:\Users\Shinhanbum\Desktop\ExchangeAttack-master\CipherToolsL\..\Lib_Source\exchangeattack.c(88,7): warning : conversion from ‘int’ to ‘uint8_t’ {aka ‘unsigned char’} may change value [-Wconversion]
C:\Users\Shinhanbum\Desktop\ExchangeAttack-master\CipherToolsL\..\Lib_Source\exchangeattack.c(88,7): warning :    88 |       (  ((y & 1) * x) ^                              \
C:\Users\Shinhanbum\Desktop\ExchangeAttack-master\CipherToolsL\..\Lib_Source\exchangeattack.c(88,7): warning :       |       ^
C:\Users\Shinhanbum\Desktop\ExchangeAttack-master\CipherToolsL\..\Lib_Source\exchangeattack.c(105,13): message : in expansion of macro ‘Multiply’
C:\Users\Shinhanbum\Desktop\ExchangeAttack-master\CipherToolsL\..\Lib_Source\exchangeattack.c(105,13): message :   105 |  state[1] = Multiply(a, 0x01) ^ Multiply(b, 0x02) ^ Multiply(c, 0x03) ^ Multiply(d, 0x01);
C:\Users\Shinhanbum\Desktop\ExchangeAttack-master\CipherToolsL\..\Lib_Source\exchangeattack.c(105,13): message :       |             ^~~~~~~~
C:\Users\Shinhanbum\Desktop\ExchangeAttack-master\CipherToolsL\..\Lib_Source\exchangeattack.c(88,7): warning : conversion from ‘int’ to ‘uint8_t’ {aka ‘unsigned char’} may change value [-Wconversion]
C:\Users\Shinhanbum\Desktop\ExchangeAttack-master\CipherToolsL\..\Lib_Source\exchangeattack.c(88,7): warning :    88 |       (  ((y & 1) * x) ^                              \
C:\Users\Shinhanbum\Desktop\ExchangeAttack-master\CipherToolsL\..\Lib_Source\exchangeattack.c(88,7): warning :       |       ^
C:\Users\Shinhanbum\Desktop\ExchangeAttack-master\CipherToolsL\..\Lib_Source\exchangeattack.c(106,13): message : in expansion of macro ‘Multiply’
C:\Users\Shinhanbum\Desktop\ExchangeAttack-master\CipherToolsL\..\Lib_Source\exchangeattack.c(106,13): message :   106 |  state[2] = Multiply(a, 0x01) ^ Multiply(b, 0x01) ^ Multiply(c, 0x02) ^ Multiply(d, 0x03);
C:\Users\Shinhanbum\Desktop\ExchangeAttack-master\CipherToolsL\..\Lib_Source\exchangeattack.c(106,13): message :       |             ^~~~~~~~
C:\Users\Shinhanbum\Desktop\ExchangeAttack-master\CipherToolsL\..\Lib_Source\exchangeattack.c(88,7): warning : conversion from ‘int’ to ‘uint8_t’ {aka ‘unsigned char’} may change value [-Wconversion]
C:\Users\Shinhanbum\Desktop\ExchangeAttack-master\CipherToolsL\..\Lib_Source\exchangeattack.c(88,7): warning :    88 |       (  ((y & 1) * x) ^                              \
C:\Users\Shinhanbum\Desktop\ExchangeAttack-master\CipherToolsL\..\Lib_Source\exchangeattack.c(88,7): warning :       |       ^
C:\Users\Shinhanbum\Desktop\ExchangeAttack-master\CipherToolsL\..\Lib_Source\exchangeattack.c(107,13): message : in expansion of macro ‘Multiply’
C:\Users\Shinhanbum\Desktop\ExchangeAttack-master\CipherToolsL\..\Lib_Source\exchangeattack.c(107,13): message :   107 |  state[3] = Multiply(a, 0x03) ^ Multiply(b, 0x01) ^ Multiply(c, 0x01) ^ Multiply(d, 0x02);
C:\Users\Shinhanbum\Desktop\ExchangeAttack-master\CipherToolsL\..\Lib_Source\exchangeattack.c(107,13): message :       |             ^~~~~~~~
C:\Users\Shinhanbum\Desktop\ExchangeAttack-master\CipherToolsL\..\Lib_Source\exchangeattack.c(96,6): warning : unused variable ‘i’ [-Wunused-variable]
C:\Users\Shinhanbum\Desktop\ExchangeAttack-master\CipherToolsL\..\Lib_Source\exchangeattack.c(96,6): warning :    96 |  int i;
C:\Users\Shinhanbum\Desktop\ExchangeAttack-master\CipherToolsL\..\Lib_Source\exchangeattack.c(96,6): warning :       |      ^
C:\Users\Shinhanbum\Desktop\ExchangeAttack-master\CipherToolsL\..\Lib_Source\exchangeattack.c(143,8): warning : conversion from ‘time_t’ {aka ‘long int’} to ‘unsigned int’ may change value [-Wconversion]
C:\Users\Shinhanbum\Desktop\ExchangeAttack-master\CipherToolsL\..\Lib_Source\exchangeattack.c(143,8): warning :   143 |  srand(time(NULL));
C:\Users\Shinhanbum\Desktop\ExchangeAttack-master\CipherToolsL\..\Lib_Source\exchangeattack.c(143,8): warning :       |        ^~~~~~~~~~
C:\Users\Shinhanbum\Desktop\ExchangeAttack-master\CipherToolsL\..\Lib_Source\exchangeattack.c(160,8): warning : conversion to ‘uint64_t’ {aka ‘long unsigned int’} from ‘int’ may change the sign of the result [-Wsign-conversion]
C:\Users\Shinhanbum\Desktop\ExchangeAttack-master\CipherToolsL\..\Lib_Source\exchangeattack.c(160,8): warning :   160 |    a = rand() % ((1) << (8));
C:\Users\Shinhanbum\Desktop\ExchangeAttack-master\CipherToolsL\..\Lib_Source\exchangeattack.c(160,8): warning :       |        ^~~~
C:\Users\Shinhanbum\Desktop\ExchangeAttack-master\CipherToolsL\..\Lib_Source\exchangeattack.c(163,38): warning : conversion from ‘uint64_t’ {aka ‘long unsigned int’} to ‘uint8_t’ {aka ‘unsigned char’} may change value [-Wconversion]
C:\Users\Shinhanbum\Desktop\ExchangeAttack-master\CipherToolsL\..\Lib_Source\exchangeattack.c(163,38): warning :   163 |    state[in_active_indexes1[idx1]] = a;
C:\Users\Shinhanbum\Desktop\ExchangeAttack-master\CipherToolsL\..\Lib_Source\exchangeattack.c(163,38): warning :       |                                      ^
C:\Users\Shinhanbum\Desktop\ExchangeAttack-master\CipherToolsL\..\Lib_Source\exchangeattack.c(173,9): warning : conversion to ‘uint64_t’ {aka ‘long unsigned int’} from ‘int’ may change the sign of the result [-Wsign-conversion]
C:\Users\Shinhanbum\Desktop\ExchangeAttack-master\CipherToolsL\..\Lib_Source\exchangeattack.c(173,9): warning :   173 |     a = rand() % ((1) << (8));
C:\Users\Shinhanbum\Desktop\ExchangeAttack-master\CipherToolsL\..\Lib_Source\exchangeattack.c(173,9): warning :       |         ^~~~
C:\Users\Shinhanbum\Desktop\ExchangeAttack-master\CipherToolsL\..\Lib_Source\exchangeattack.c(176,39): warning : conversion from ‘uint64_t’ {aka ‘long unsigned int’} to ‘uint8_t’ {aka ‘unsigned char’} may change value [-Wconversion]
C:\Users\Shinhanbum\Desktop\ExchangeAttack-master\CipherToolsL\..\Lib_Source\exchangeattack.c(176,39): warning :   176 |     state[in_active_indexes2[idx2]] = a;
C:\Users\Shinhanbum\Desktop\ExchangeAttack-master\CipherToolsL\..\Lib_Source\exchangeattack.c(176,39): warning :       |                                       ^
C:\Users\Shinhanbum\Desktop\ExchangeAttack-master\CipherToolsL\..\Lib_Source\exchangeattack.c(199,59): warning : conversion to ‘long unsigned int’ from ‘int’ may change the sign of the result [-Wsign-conversion]
C:\Users\Shinhanbum\Desktop\ExchangeAttack-master\CipherToolsL\..\Lib_Source\exchangeattack.c(199,59): warning :   199 |    dat_tab[dat_idx].pt = (uint8_t*)malloc(sizeof(uint8_t) * num_active_sboxes_in);
C:\Users\Shinhanbum\Desktop\ExchangeAttack-master\CipherToolsL\..\Lib_Source\exchangeattack.c(199,59): warning :       |                                                           ^
C:\Users\Shinhanbum\Desktop\ExchangeAttack-master\CipherToolsL\..\Lib_Source\exchangeattack.c(200,54): warning : conversion to ‘long unsigned int’ from ‘int’ may change the sign of the result [-Wsign-conversion]
C:\Users\Shinhanbum\Desktop\ExchangeAttack-master\CipherToolsL\..\Lib_Source\exchangeattack.c(200,54): warning :   200 |    memcpy(dat_tab[dat_idx].pt, &dat, sizeof(uint8_t) * num_active_sboxes_in);
C:\Users\Shinhanbum\Desktop\ExchangeAttack-master\CipherToolsL\..\Lib_Source\exchangeattack.c(200,54): warning :       |                                                      ^
C:\Users\Shinhanbum\Desktop\ExchangeAttack-master\CipherToolsL\..\Lib_Source\exchangeattack.c(232,27): warning : conversion to ‘uint64_t’ {aka ‘long unsigned int’} from ‘int’ may change the sign of the result [-Wsign-conversion]
C:\Users\Shinhanbum\Desktop\ExchangeAttack-master\CipherToolsL\..\Lib_Source\exchangeattack.c(232,27): warning :   232 |      if (dat_tab[(dat_idx - cnt_idx)].pt[i] != dat_tab[(dat_idx)].pt[i])
C:\Users\Shinhanbum\Desktop\ExchangeAttack-master\CipherToolsL\..\Lib_Source\exchangeattack.c(232,27): warning :       |                           ^
C:\Users\Shinhanbum\Desktop\ExchangeAttack-master\CipherToolsL\..\Lib_Source\exchangeattack.c(240,27): warning : conversion to ‘uint64_t’ {aka ‘long unsigned int’} from ‘int’ may change the sign of the result [-Wsign-conversion]
C:\Users\Shinhanbum\Desktop\ExchangeAttack-master\CipherToolsL\..\Lib_Source\exchangeattack.c(240,27): warning :   240 |      if (dat_tab[(dat_idx - cnt_idx)].pt[i] != dat_tab[(dat_idx)].pt[i])
C:\Users\Shinhanbum\Desktop\ExchangeAttack-master\CipherToolsL\..\Lib_Source\exchangeattack.c(240,27): warning :       |                           ^
C:\Users\Shinhanbum\Desktop\ExchangeAttack-master\CipherToolsL\..\Lib_Source\exchangeattack.c(257,63): warning : conversion to ‘uint64_t’ {aka ‘long unsigned int’} from ‘int’ may change the sign of the result [-Wsign-conversion]
C:\Users\Shinhanbum\Desktop\ExchangeAttack-master\CipherToolsL\..\Lib_Source\exchangeattack.c(257,63): warning :   257 |      temp_state1[in_active_indexes1[idx1]] = dat_tab[(dat_idx - cnt_idx)].pt[idx1];
C:\Users\Shinhanbum\Desktop\ExchangeAttack-master\CipherToolsL\..\Lib_Source\exchangeattack.c(257,63): warning :       |                                                               ^
C:\Users\Shinhanbum\Desktop\ExchangeAttack-master\CipherToolsL\..\Lib_Source\exchangeattack.c(263,63): warning : conversion to ‘uint64_t’ {aka ‘long unsigned int’} from ‘int’ may change the sign of the result [-Wsign-conversion]
C:\Users\Shinhanbum\Desktop\ExchangeAttack-master\CipherToolsL\..\Lib_Source\exchangeattack.c(263,63): warning :   263 |      temp_state2[in_active_indexes2[idx2]] = dat_tab[(dat_idx - cnt_idx)].pt[idx2 + 4];
C:\Users\Shinhanbum\Desktop\ExchangeAttack-master\CipherToolsL\..\Lib_Source\exchangeattack.c(263,63): warning :       |                                                               ^
C:\Users\Shinhanbum\Desktop\ExchangeAttack-master\CipherToolsL\..\Lib_Source\exchangeattack.c(320,14): warning : ‘return’ with a value, in function returning void [-Wreturn-type]
C:\Users\Shinhanbum\Desktop\ExchangeAttack-master\CipherToolsL\..\Lib_Source\exchangeattack.c(320,14): warning :   320 |       return -1;
C:\Users\Shinhanbum\Desktop\ExchangeAttack-master\CipherToolsL\..\Lib_Source\exchangeattack.c(320,14): warning :       |              ^
C:\Users\Shinhanbum\Desktop\ExchangeAttack-master\CipherToolsL\..\Lib_Source\exchangeattack.c(110,6): message : declared here
C:\Users\Shinhanbum\Desktop\ExchangeAttack-master\CipherToolsL\..\Lib_Source\exchangeattack.c(110,6): message :   110 | void EXCHANGE_DISTINGUISHER(uint8_t mk[16], uint8_t state[16], int32_t round)
C:\Users\Shinhanbum\Desktop\ExchangeAttack-master\CipherToolsL\..\Lib_Source\exchangeattack.c(110,6): message :       |      ^~~~~~~~~~~~~~~~~~~~~~
C:\Users\Shinhanbum\Desktop\ExchangeAttack-master\CipherToolsL\..\Lib_Source\exchangeattack.c(328,14): warning : ‘return’ with a value, in function returning void [-Wreturn-type]
C:\Users\Shinhanbum\Desktop\ExchangeAttack-master\CipherToolsL\..\Lib_Source\exchangeattack.c(328,14): warning :   328 |       return -1;
C:\Users\Shinhanbum\Desktop\ExchangeAttack-master\CipherToolsL\..\Lib_Source\exchangeattack.c(328,14): warning :       |              ^
C:\Users\Shinhanbum\Desktop\ExchangeAttack-master\CipherToolsL\..\Lib_Source\exchangeattack.c(110,6): message : declared here
C:\Users\Shinhanbum\Desktop\ExchangeAttack-master\CipherToolsL\..\Lib_Source\exchangeattack.c(110,6): message :   110 | void EXCHANGE_DISTINGUISHER(uint8_t mk[16], uint8_t state[16], int32_t round)
C:\Users\Shinhanbum\Desktop\ExchangeAttack-master\CipherToolsL\..\Lib_Source\exchangeattack.c(110,6): message :       |      ^~~~~~~~~~~~~~~~~~~~~~
C:\Users\Shinhanbum\Desktop\ExchangeAttack-master\CipherToolsL\..\Lib_Source\exchangeattack.c(334,62): warning : conversion to ‘uint64_t’ {aka ‘long unsigned int’} from ‘int’ may change the sign of the result [-Wsign-conversion]
C:\Users\Shinhanbum\Desktop\ExchangeAttack-master\CipherToolsL\..\Lib_Source\exchangeattack.c(334,62): warning :   334 |       found_pairs[found_pairs_num][i + 8] = dat_tab[(dat_idx - cnt_idx)].pt[i];
C:\Users\Shinhanbum\Desktop\ExchangeAttack-master\CipherToolsL\..\Lib_Source\exchangeattack.c(334,62): warning :       |                                                              ^
C:\Users\Shinhanbum\Desktop\ExchangeAttack-master\CipherToolsL\..\Lib_Source\exchangeattack.c(371,27): warning : conversion to ‘uint64_t’ {aka ‘long unsigned int’} from ‘int’ may change the sign of the result [-Wsign-conversion]
C:\Users\Shinhanbum\Desktop\ExchangeAttack-master\CipherToolsL\..\Lib_Source\exchangeattack.c(371,27): warning :   371 |      if (dat_tab[(dat_idx - cnt_idx)].pt[i] != dat_tab[(dat_idx)].pt[i])
C:\Users\Shinhanbum\Desktop\ExchangeAttack-master\CipherToolsL\..\Lib_Source\exchangeattack.c(371,27): warning :       |                           ^
C:\Users\Shinhanbum\Desktop\ExchangeAttack-master\CipherToolsL\..\Lib_Source\exchangeattack.c(379,27): warning : conversion to ‘uint64_t’ {aka ‘long unsigned int’} from ‘int’ may change the sign of the result [-Wsign-conversion]
C:\Users\Shinhanbum\Desktop\ExchangeAttack-master\CipherToolsL\..\Lib_Source\exchangeattack.c(379,27): warning :   379 |      if (dat_tab[(dat_idx - cnt_idx)].pt[i] != dat_tab[(dat_idx)].pt[i])
C:\Users\Shinhanbum\Desktop\ExchangeAttack-master\CipherToolsL\..\Lib_Source\exchangeattack.c(379,27): warning :       |                           ^
C:\Users\Shinhanbum\Desktop\ExchangeAttack-master\CipherToolsL\..\Lib_Source\exchangeattack.c(396,63): warning : conversion to ‘uint64_t’ {aka ‘long unsigned int’} from ‘int’ may change the sign of the result [-Wsign-conversion]
C:\Users\Shinhanbum\Desktop\ExchangeAttack-master\CipherToolsL\..\Lib_Source\exchangeattack.c(396,63): warning :   396 |      temp_state1[in_active_indexes1[idx1]] = dat_tab[(dat_idx - cnt_idx)].pt[idx1];
C:\Users\Shinhanbum\Desktop\ExchangeAttack-master\CipherToolsL\..\Lib_Source\exchangeattack.c(396,63): warning :       |                                                               ^
C:\Users\Shinhanbum\Desktop\ExchangeAttack-master\CipherToolsL\..\Lib_Source\exchangeattack.c(402,63): warning : conversion to ‘uint64_t’ {aka ‘long unsigned int’} from ‘int’ may change the sign of the result [-Wsign-conversion]
C:\Users\Shinhanbum\Desktop\ExchangeAttack-master\CipherToolsL\..\Lib_Source\exchangeattack.c(402,63): warning :   402 |      temp_state2[in_active_indexes2[idx2]] = dat_tab[(dat_idx - cnt_idx)].pt[idx2 + 4];
C:\Users\Shinhanbum\Desktop\ExchangeAttack-master\CipherToolsL\..\Lib_Source\exchangeattack.c(402,63): warning :       |                                                               ^
C:\Users\Shinhanbum\Desktop\ExchangeAttack-master\CipherToolsL\..\Lib_Source\exchangeattack.c(459,14): warning : ‘return’ with a value, in function returning void [-Wreturn-type]
C:\Users\Shinhanbum\Desktop\ExchangeAttack-master\CipherToolsL\..\Lib_Source\exchangeattack.c(459,14): warning :   459 |       return -1;
C:\Users\Shinhanbum\Desktop\ExchangeAttack-master\CipherToolsL\..\Lib_Source\exchangeattack.c(459,14): warning :       |              ^
C:\Users\Shinhanbum\Desktop\ExchangeAttack-master\CipherToolsL\..\Lib_Source\exchangeattack.c(110,6): message : declared here
C:\Users\Shinhanbum\Desktop\ExchangeAttack-master\CipherToolsL\..\Lib_Source\exchangeattack.c(110,6): message :   110 | void EXCHANGE_DISTINGUISHER(uint8_t mk[16], uint8_t state[16], int32_t round)
C:\Users\Shinhanbum\Desktop\ExchangeAttack-master\CipherToolsL\..\Lib_Source\exchangeattack.c(110,6): message :       |      ^~~~~~~~~~~~~~~~~~~~~~
C:\Users\Shinhanbum\Desktop\ExchangeAttack-master\CipherToolsL\..\Lib_Source\exchangeattack.c(467,14): warning : ‘return’ with a value, in function returning void [-Wreturn-type]
C:\Users\Shinhanbum\Desktop\ExchangeAttack-master\CipherToolsL\..\Lib_Source\exchangeattack.c(467,14): warning :   467 |       return -1;
C:\Users\Shinhanbum\Desktop\ExchangeAttack-master\CipherToolsL\..\Lib_Source\exchangeattack.c(467,14): warning :       |              ^
C:\Users\Shinhanbum\Desktop\ExchangeAttack-master\CipherToolsL\..\Lib_Source\exchangeattack.c(110,6): message : declared here
C:\Users\Shinhanbum\Desktop\ExchangeAttack-master\CipherToolsL\..\Lib_Source\exchangeattack.c(110,6): message :   110 | void EXCHANGE_DISTINGUISHER(uint8_t mk[16], uint8_t state[16], int32_t round)
C:\Users\Shinhanbum\Desktop\ExchangeAttack-master\CipherToolsL\..\Lib_Source\exchangeattack.c(110,6): message :       |      ^~~~~~~~~~~~~~~~~~~~~~
C:\Users\Shinhanbum\Desktop\ExchangeAttack-master\CipherToolsL\..\Lib_Source\exchangeattack.c(473,62): warning : conversion to ‘uint64_t’ {aka ‘long unsigned int’} from ‘int’ may change the sign of the result [-Wsign-conversion]
C:\Users\Shinhanbum\Desktop\ExchangeAttack-master\CipherToolsL\..\Lib_Source\exchangeattack.c(473,62): warning :   473 |       found_pairs[found_pairs_num][i + 8] = dat_tab[(dat_idx - cnt_idx)].pt[i];
C:\Users\Shinhanbum\Desktop\ExchangeAttack-master\CipherToolsL\..\Lib_Source\exchangeattack.c(473,62): warning :       |                                                              ^
C:\Users\Shinhanbum\Desktop\ExchangeAttack-master\CipherToolsL\..\Lib_Source\exchangeattack.c(510,27): warning : conversion to ‘uint64_t’ {aka ‘long unsigned int’} from ‘int’ may change the sign of the result [-Wsign-conversion]
C:\Users\Shinhanbum\Desktop\ExchangeAttack-master\CipherToolsL\..\Lib_Source\exchangeattack.c(510,27): warning :   510 |      if (dat_tab[(dat_idx - cnt_idx)].pt[i] != dat_tab[(dat_idx)].pt[i])
C:\Users\Shinhanbum\Desktop\ExchangeAttack-master\CipherToolsL\..\Lib_Source\exchangeattack.c(510,27): warning :       |                           ^
C:\Users\Shinhanbum\Desktop\ExchangeAttack-master\CipherToolsL\..\Lib_Source\exchangeattack.c(518,27): warning : conversion to ‘uint64_t’ {aka ‘long unsigned int’} from ‘int’ may change the sign of the result [-Wsign-conversion]
C:\Users\Shinhanbum\Desktop\ExchangeAttack-master\CipherToolsL\..\Lib_Source\exchangeattack.c(518,27): warning :   518 |      if (dat_tab[(dat_idx - cnt_idx)].pt[i] != dat_tab[(dat_idx)].pt[i])
C:\Users\Shinhanbum\Desktop\ExchangeAttack-master\CipherToolsL\..\Lib_Source\exchangeattack.c(518,27): warning :       |                           ^
C:\Users\Shinhanbum\Desktop\ExchangeAttack-master\CipherToolsL\..\Lib_Source\exchangeattack.c(535,63): warning : conversion to ‘uint64_t’ {aka ‘long unsigned int’} from ‘int’ may change the sign of the result [-Wsign-conversion]
C:\Users\Shinhanbum\Desktop\ExchangeAttack-master\CipherToolsL\..\Lib_Source\exchangeattack.c(535,63): warning :   535 |      temp_state1[in_active_indexes1[idx1]] = dat_tab[(dat_idx - cnt_idx)].pt[idx1];
C:\Users\Shinhanbum\Desktop\ExchangeAttack-master\CipherToolsL\..\Lib_Source\exchangeattack.c(535,63): warning :       |                                                               ^
C:\Users\Shinhanbum\Desktop\ExchangeAttack-master\CipherToolsL\..\Lib_Source\exchangeattack.c(541,63): warning : conversion to ‘uint64_t’ {aka ‘long unsigned int’} from ‘int’ may change the sign of the result [-Wsign-conversion]
C:\Users\Shinhanbum\Desktop\ExchangeAttack-master\CipherToolsL\..\Lib_Source\exchangeattack.c(541,63): warning :   541 |      temp_state2[in_active_indexes2[idx2]] = dat_tab[(dat_idx - cnt_idx)].pt[idx2 + 4];
C:\Users\Shinhanbum\Desktop\ExchangeAttack-master\CipherToolsL\..\Lib_Source\exchangeattack.c(541,63): warning :       |                                                               ^
C:\Users\Shinhanbum\Desktop\ExchangeAttack-master\CipherToolsL\..\Lib_Source\exchangeattack.c(598,14): warning : ‘return’ with a value, in function returning void [-Wreturn-type]
C:\Users\Shinhanbum\Desktop\ExchangeAttack-master\CipherToolsL\..\Lib_Source\exchangeattack.c(598,14): warning :   598 |       return -1;
C:\Users\Shinhanbum\Desktop\ExchangeAttack-master\CipherToolsL\..\Lib_Source\exchangeattack.c(598,14): warning :       |              ^
C:\Users\Shinhanbum\Desktop\ExchangeAttack-master\CipherToolsL\..\Lib_Source\exchangeattack.c(110,6): message : declared here
C:\Users\Shinhanbum\Desktop\ExchangeAttack-master\CipherToolsL\..\Lib_Source\exchangeattack.c(110,6): message :   110 | void EXCHANGE_DISTINGUISHER(uint8_t mk[16], uint8_t state[16], int32_t round)
C:\Users\Shinhanbum\Desktop\ExchangeAttack-master\CipherToolsL\..\Lib_Source\exchangeattack.c(110,6): message :       |      ^~~~~~~~~~~~~~~~~~~~~~
C:\Users\Shinhanbum\Desktop\ExchangeAttack-master\CipherToolsL\..\Lib_Source\exchangeattack.c(606,14): warning : ‘return’ with a value, in function returning void [-Wreturn-type]
C:\Users\Shinhanbum\Desktop\ExchangeAttack-master\CipherToolsL\..\Lib_Source\exchangeattack.c(606,14): warning :   606 |       return -1;
C:\Users\Shinhanbum\Desktop\ExchangeAttack-master\CipherToolsL\..\Lib_Source\exchangeattack.c(606,14): warning :       |              ^
C:\Users\Shinhanbum\Desktop\ExchangeAttack-master\CipherToolsL\..\Lib_Source\exchangeattack.c(110,6): message : declared here
C:\Users\Shinhanbum\Desktop\ExchangeAttack-master\CipherToolsL\..\Lib_Source\exchangeattack.c(110,6): message :   110 | void EXCHANGE_DISTINGUISHER(uint8_t mk[16], uint8_t state[16], int32_t round)
C:\Users\Shinhanbum\Desktop\ExchangeAttack-master\CipherToolsL\..\Lib_Source\exchangeattack.c(110,6): message :       |      ^~~~~~~~~~~~~~~~~~~~~~
C:\Users\Shinhanbum\Desktop\ExchangeAttack-master\CipherToolsL\..\Lib_Source\exchangeattack.c(612,62): warning : conversion to ‘uint64_t’ {aka ‘long unsigned int’} from ‘int’ may change the sign of the result [-Wsign-conversion]
C:\Users\Shinhanbum\Desktop\ExchangeAttack-master\CipherToolsL\..\Lib_Source\exchangeattack.c(612,62): warning :   612 |       found_pairs[found_pairs_num][i + 8] = dat_tab[(dat_idx - cnt_idx)].pt[i];
C:\Users\Shinhanbum\Desktop\ExchangeAttack-master\CipherToolsL\..\Lib_Source\exchangeattack.c(612,62): warning :       |                                                              ^
C:\Users\Shinhanbum\Desktop\ExchangeAttack-master\CipherToolsL\..\Lib_Source\exchangeattack.c(649,27): warning : conversion to ‘uint64_t’ {aka ‘long unsigned int’} from ‘int’ may change the sign of the result [-Wsign-conversion]
C:\Users\Shinhanbum\Desktop\ExchangeAttack-master\CipherToolsL\..\Lib_Source\exchangeattack.c(649,27): warning :   649 |      if (dat_tab[(dat_idx - cnt_idx)].pt[i] != dat_tab[(dat_idx)].pt[i])
C:\Users\Shinhanbum\Desktop\ExchangeAttack-master\CipherToolsL\..\Lib_Source\exchangeattack.c(649,27): warning :       |                           ^
C:\Users\Shinhanbum\Desktop\ExchangeAttack-master\CipherToolsL\..\Lib_Source\exchangeattack.c(657,27): warning : conversion to ‘uint64_t’ {aka ‘long unsigned int’} from ‘int’ may change the sign of the result [-Wsign-conversion]
C:\Users\Shinhanbum\Desktop\ExchangeAttack-master\CipherToolsL\..\Lib_Source\exchangeattack.c(657,27): warning :   657 |      if (dat_tab[(dat_idx - cnt_idx)].pt[i] != dat_tab[(dat_idx)].pt[i])
C:\Users\Shinhanbum\Desktop\ExchangeAttack-master\CipherToolsL\..\Lib_Source\exchangeattack.c(657,27): warning :       |                           ^
C:\Users\Shinhanbum\Desktop\ExchangeAttack-master\CipherToolsL\..\Lib_Source\exchangeattack.c(674,63): warning : conversion to ‘uint64_t’ {aka ‘long unsigned int’} from ‘int’ may change the sign of the result [-Wsign-conversion]
C:\Users\Shinhanbum\Desktop\ExchangeAttack-master\CipherToolsL\..\Lib_Source\exchangeattack.c(674,63): warning :   674 |      temp_state1[in_active_indexes1[idx1]] = dat_tab[(dat_idx - cnt_idx)].pt[idx1];
C:\Users\Shinhanbum\Desktop\ExchangeAttack-master\CipherToolsL\..\Lib_Source\exchangeattack.c(674,63): warning :       |                                                               ^
C:\Users\Shinhanbum\Desktop\ExchangeAttack-master\CipherToolsL\..\Lib_Source\exchangeattack.c(680,63): warning : conversion to ‘uint64_t’ {aka ‘long unsigned int’} from ‘int’ may change the sign of the result [-Wsign-conversion]
C:\Users\Shinhanbum\Desktop\ExchangeAttack-master\CipherToolsL\..\Lib_Source\exchangeattack.c(680,63): warning :   680 |      temp_state2[in_active_indexes2[idx2]] = dat_tab[(dat_idx - cnt_idx)].pt[idx2 + 4];
C:\Users\Shinhanbum\Desktop\ExchangeAttack-master\CipherToolsL\..\Lib_Source\exchangeattack.c(680,63): warning :       |                                                               ^
C:\Users\Shinhanbum\Desktop\ExchangeAttack-master\CipherToolsL\..\Lib_Source\exchangeattack.c(737,14): warning : ‘return’ with a value, in function returning void [-Wreturn-type]
C:\Users\Shinhanbum\Desktop\ExchangeAttack-master\CipherToolsL\..\Lib_Source\exchangeattack.c(737,14): warning :   737 |       return -1;
C:\Users\Shinhanbum\Desktop\ExchangeAttack-master\CipherToolsL\..\Lib_Source\exchangeattack.c(737,14): warning :       |              ^
C:\Users\Shinhanbum\Desktop\ExchangeAttack-master\CipherToolsL\..\Lib_Source\exchangeattack.c(110,6): message : declared here
C:\Users\Shinhanbum\Desktop\ExchangeAttack-master\CipherToolsL\..\Lib_Source\exchangeattack.c(110,6): message :   110 | void EXCHANGE_DISTINGUISHER(uint8_t mk[16], uint8_t state[16], int32_t round)
C:\Users\Shinhanbum\Desktop\ExchangeAttack-master\CipherToolsL\..\Lib_Source\exchangeattack.c(110,6): message :       |      ^~~~~~~~~~~~~~~~~~~~~~
C:\Users\Shinhanbum\Desktop\ExchangeAttack-master\CipherToolsL\..\Lib_Source\exchangeattack.c(745,14): warning : ‘return’ with a value, in function returning void [-Wreturn-type]
C:\Users\Shinhanbum\Desktop\ExchangeAttack-master\CipherToolsL\..\Lib_Source\exchangeattack.c(745,14): warning :   745 |       return -1;
C:\Users\Shinhanbum\Desktop\ExchangeAttack-master\CipherToolsL\..\Lib_Source\exchangeattack.c(745,14): warning :       |              ^
C:\Users\Shinhanbum\Desktop\ExchangeAttack-master\CipherToolsL\..\Lib_Source\exchangeattack.c(110,6): message : declared here
C:\Users\Shinhanbum\Desktop\ExchangeAttack-master\CipherToolsL\..\Lib_Source\exchangeattack.c(110,6): message :   110 | void EXCHANGE_DISTINGUISHER(uint8_t mk[16], uint8_t state[16], int32_t round)
C:\Users\Shinhanbum\Desktop\ExchangeAttack-master\CipherToolsL\..\Lib_Source\exchangeattack.c(110,6): message :       |      ^~~~~~~~~~~~~~~~~~~~~~
C:\Users\Shinhanbum\Desktop\ExchangeAttack-master\CipherToolsL\..\Lib_Source\exchangeattack.c(751,62): warning : conversion to ‘uint64_t’ {aka ‘long unsigned int’} from ‘int’ may change the sign of the result [-Wsign-conversion]
C:\Users\Shinhanbum\Desktop\ExchangeAttack-master\CipherToolsL\..\Lib_Source\exchangeattack.c(751,62): warning :   751 |       found_pairs[found_pairs_num][i + 8] = dat_tab[(dat_idx - cnt_idx)].pt[i];
C:\Users\Shinhanbum\Desktop\ExchangeAttack-master\CipherToolsL\..\Lib_Source\exchangeattack.c(751,62): warning :       |                                                              ^
C:\Users\Shinhanbum\Desktop\ExchangeAttack-master\CipherToolsL\..\Lib_Source\exchangeattack.c(861,8): warning : conversion from ‘time_t’ {aka ‘long int’} to ‘unsigned int’ may change value [-Wconversion]
C:\Users\Shinhanbum\Desktop\ExchangeAttack-master\CipherToolsL\..\Lib_Source\exchangeattack.c(861,8): warning :   861 |  srand(time(NULL));
C:\Users\Shinhanbum\Desktop\ExchangeAttack-master\CipherToolsL\..\Lib_Source\exchangeattack.c(861,8): warning :       |        ^~~~~~~~~~
C:\Users\Shinhanbum\Desktop\ExchangeAttack-master\CipherToolsL\..\Lib_Source\exchangeattack.c(868,8): warning : conversion to ‘uint64_t’ {aka ‘long unsigned int’} from ‘int’ may change the sign of the result [-Wsign-conversion]
C:\Users\Shinhanbum\Desktop\ExchangeAttack-master\CipherToolsL\..\Lib_Source\exchangeattack.c(868,8): warning :   868 |    a = rand() % ((1) << (8));
C:\Users\Shinhanbum\Desktop\ExchangeAttack-master\CipherToolsL\..\Lib_Source\exchangeattack.c(868,8): warning :       |        ^~~~
C:\Users\Shinhanbum\Desktop\ExchangeAttack-master\CipherToolsL\..\Lib_Source\exchangeattack.c(871,38): warning : conversion from ‘uint64_t’ {aka ‘long unsigned int’} to ‘uint8_t’ {aka ‘unsigned char’} may change value [-Wconversion]
C:\Users\Shinhanbum\Desktop\ExchangeAttack-master\CipherToolsL\..\Lib_Source\exchangeattack.c(871,38): warning :   871 |    state[in_active_indexes1[idx1]] = a;
C:\Users\Shinhanbum\Desktop\ExchangeAttack-master\CipherToolsL\..\Lib_Source\exchangeattack.c(871,38): warning :       |                                      ^
C:\Users\Shinhanbum\Desktop\ExchangeAttack-master\CipherToolsL\..\Lib_Source\exchangeattack.c(881,9): warning : conversion to ‘uint64_t’ {aka ‘long unsigned int’} from ‘int’ may change the sign of the result [-Wsign-conversion]
C:\Users\Shinhanbum\Desktop\ExchangeAttack-master\CipherToolsL\..\Lib_Source\exchangeattack.c(881,9): warning :   881 |     a = rand() % ((1) << (8));
C:\Users\Shinhanbum\Desktop\ExchangeAttack-master\CipherToolsL\..\Lib_Source\exchangeattack.c(881,9): warning :       |         ^~~~
C:\Users\Shinhanbum\Desktop\ExchangeAttack-master\CipherToolsL\..\Lib_Source\exchangeattack.c(884,39): warning : conversion from ‘uint64_t’ {aka ‘long unsigned int’} to ‘uint8_t’ {aka ‘unsigned char’} may change value [-Wconversion]
C:\Users\Shinhanbum\Desktop\ExchangeAttack-master\CipherToolsL\..\Lib_Source\exchangeattack.c(884,39): warning :   884 |     state[in_active_indexes2[idx2]] = a;
C:\Users\Shinhanbum\Desktop\ExchangeAttack-master\CipherToolsL\..\Lib_Source\exchangeattack.c(884,39): warning :       |                                       ^
C:\Users\Shinhanbum\Desktop\ExchangeAttack-master\CipherToolsL\..\Lib_Source\exchangeattack.c(907,59): warning : conversion to ‘long unsigned int’ from ‘int’ may change the sign of the result [-Wsign-conversion]
C:\Users\Shinhanbum\Desktop\ExchangeAttack-master\CipherToolsL\..\Lib_Source\exchangeattack.c(907,59): warning :   907 |    dat_tab[dat_idx].pt = (uint8_t*)malloc(sizeof(uint8_t) * num_active_sboxes_in);
C:\Users\Shinhanbum\Desktop\ExchangeAttack-master\CipherToolsL\..\Lib_Source\exchangeattack.c(907,59): warning :       |                                                           ^
C:\Users\Shinhanbum\Desktop\ExchangeAttack-master\CipherToolsL\..\Lib_Source\exchangeattack.c(908,54): warning : conversion to ‘long unsigned int’ from ‘int’ may change the sign of the result [-Wsign-conversion]
C:\Users\Shinhanbum\Desktop\ExchangeAttack-master\CipherToolsL\..\Lib_Source\exchangeattack.c(908,54): warning :   908 |    memcpy(dat_tab[dat_idx].pt, &dat, sizeof(uint8_t) * num_active_sboxes_in);
C:\Users\Shinhanbum\Desktop\ExchangeAttack-master\CipherToolsL\..\Lib_Source\exchangeattack.c(908,54): warning :       |                                                      ^
C:\Users\Shinhanbum\Desktop\ExchangeAttack-master\CipherToolsL\..\Lib_Source\exchangeattack.c(936,27): warning : conversion to ‘uint64_t’ {aka ‘long unsigned int’} from ‘int’ may change the sign of the result [-Wsign-conversion]
C:\Users\Shinhanbum\Desktop\ExchangeAttack-master\CipherToolsL\..\Lib_Source\exchangeattack.c(936,27): warning :   936 |      if (dat_tab[(dat_idx - cnt_idx)].pt[i] != dat_tab[(dat_idx)].pt[i])
C:\Users\Shinhanbum\Desktop\ExchangeAttack-master\CipherToolsL\..\Lib_Source\exchangeattack.c(936,27): warning :       |                           ^
C:\Users\Shinhanbum\Desktop\ExchangeAttack-master\CipherToolsL\..\Lib_Source\exchangeattack.c(944,27): warning : conversion to ‘uint64_t’ {aka ‘long unsigned int’} from ‘int’ may change the sign of the result [-Wsign-conversion]
C:\Users\Shinhanbum\Desktop\ExchangeAttack-master\CipherToolsL\..\Lib_Source\exchangeattack.c(944,27): warning :   944 |      if (dat_tab[(dat_idx - cnt_idx)].pt[i] != dat_tab[(dat_idx)].pt[i])
C:\Users\Shinhanbum\Desktop\ExchangeAttack-master\CipherToolsL\..\Lib_Source\exchangeattack.c(944,27): warning :       |                           ^
C:\Users\Shinhanbum\Desktop\ExchangeAttack-master\CipherToolsL\..\Lib_Source\exchangeattack.c(961,63): warning : conversion to ‘uint64_t’ {aka ‘long unsigned int’} from ‘int’ may change the sign of the result [-Wsign-conversion]
C:\Users\Shinhanbum\Desktop\ExchangeAttack-master\CipherToolsL\..\Lib_Source\exchangeattack.c(961,63): warning :   961 |      temp_state1[in_active_indexes1[idx1]] = dat_tab[(dat_idx - cnt_idx)].pt[idx1];
C:\Users\Shinhanbum\Desktop\ExchangeAttack-master\CipherToolsL\..\Lib_Source\exchangeattack.c(961,63): warning :       |                                                               ^
C:\Users\Shinhanbum\Desktop\ExchangeAttack-master\CipherToolsL\..\Lib_Source\exchangeattack.c(967,63): warning : conversion to ‘uint64_t’ {aka ‘long unsigned int’} from ‘int’ may change the sign of the result [-Wsign-conversion]
C:\Users\Shinhanbum\Desktop\ExchangeAttack-master\CipherToolsL\..\Lib_Source\exchangeattack.c(967,63): warning :   967 |      temp_state2[in_active_indexes2[idx2]] = dat_tab[(dat_idx - cnt_idx)].pt[idx2 + 4];
C:\Users\Shinhanbum\Desktop\ExchangeAttack-master\CipherToolsL\..\Lib_Source\exchangeattack.c(967,63): warning :       |                                                               ^
C:\Users\Shinhanbum\Desktop\ExchangeAttack-master\CipherToolsL\..\Lib_Source\exchangeattack.c(1046,27): warning : conversion to ‘uint64_t’ {aka ‘long unsigned int’} from ‘int’ may change the sign of the result [-Wsign-conversion]
C:\Users\Shinhanbum\Desktop\ExchangeAttack-master\CipherToolsL\..\Lib_Source\exchangeattack.c(1046,27): warning :  1046 |      if (dat_tab[(dat_idx - cnt_idx)].pt[i] != dat_tab[(dat_idx)].pt[i])
C:\Users\Shinhanbum\Desktop\ExchangeAttack-master\CipherToolsL\..\Lib_Source\exchangeattack.c(1046,27): warning :       |                           ^
C:\Users\Shinhanbum\Desktop\ExchangeAttack-master\CipherToolsL\..\Lib_Source\exchangeattack.c(1054,27): warning : conversion to ‘uint64_t’ {aka ‘long unsigned int’} from ‘int’ may change the sign of the result [-Wsign-conversion]
C:\Users\Shinhanbum\Desktop\ExchangeAttack-master\CipherToolsL\..\Lib_Source\exchangeattack.c(1054,27): warning :  1054 |      if (dat_tab[(dat_idx - cnt_idx)].pt[i] != dat_tab[(dat_idx)].pt[i])
C:\Users\Shinhanbum\Desktop\ExchangeAttack-master\CipherToolsL\..\Lib_Source\exchangeattack.c(1054,27): warning :       |                           ^
C:\Users\Shinhanbum\Desktop\ExchangeAttack-master\CipherToolsL\..\Lib_Source\exchangeattack.c(1071,63): warning : conversion to ‘uint64_t’ {aka ‘long unsigned int’} from ‘int’ may change the sign of the result [-Wsign-conversion]
C:\Users\Shinhanbum\Desktop\ExchangeAttack-master\CipherToolsL\..\Lib_Source\exchangeattack.c(1071,63): warning :  1071 |      temp_state1[in_active_indexes1[idx1]] = dat_tab[(dat_idx - cnt_idx)].pt[idx1];
C:\Users\Shinhanbum\Desktop\ExchangeAttack-master\CipherToolsL\..\Lib_Source\exchangeattack.c(1071,63): warning :       |                                                               ^
C:\Users\Shinhanbum\Desktop\ExchangeAttack-master\CipherToolsL\..\Lib_Source\exchangeattack.c(1077,63): warning : conversion to ‘uint64_t’ {aka ‘long unsigned int’} from ‘int’ may change the sign of the result [-Wsign-conversion]
C:\Users\Shinhanbum\Desktop\ExchangeAttack-master\CipherToolsL\..\Lib_Source\exchangeattack.c(1077,63): warning :  1077 |      temp_state2[in_active_indexes2[idx2]] = dat_tab[(dat_idx - cnt_idx)].pt[idx2 + 4];
C:\Users\Shinhanbum\Desktop\ExchangeAttack-master\CipherToolsL\..\Lib_Source\exchangeattack.c(1077,63): warning :       |                                                               ^
C:\Users\Shinhanbum\Desktop\ExchangeAttack-master\CipherToolsL\..\Lib_Source\exchangeattack.c(1156,27): warning : conversion to ‘uint64_t’ {aka ‘long unsigned int’} from ‘int’ may change the sign of the result [-Wsign-conversion]
C:\Users\Shinhanbum\Desktop\ExchangeAttack-master\CipherToolsL\..\Lib_Source\exchangeattack.c(1156,27): warning :  1156 |      if (dat_tab[(dat_idx - cnt_idx)].pt[i] != dat_tab[(dat_idx)].pt[i])
C:\Users\Shinhanbum\Desktop\ExchangeAttack-master\CipherToolsL\..\Lib_Source\exchangeattack.c(1156,27): warning :       |                           ^
C:\Users\Shinhanbum\Desktop\ExchangeAttack-master\CipherToolsL\..\Lib_Source\exchangeattack.c(1164,27): warning : conversion to ‘uint64_t’ {aka ‘long unsigned int’} from ‘int’ may change the sign of the result [-Wsign-conversion]
C:\Users\Shinhanbum\Desktop\ExchangeAttack-master\CipherToolsL\..\Lib_Source\exchangeattack.c(1164,27): warning :  1164 |      if (dat_tab[(dat_idx - cnt_idx)].pt[i] != dat_tab[(dat_idx)].pt[i])
C:\Users\Shinhanbum\Desktop\ExchangeAttack-master\CipherToolsL\..\Lib_Source\exchangeattack.c(1164,27): warning :       |                           ^
C:\Users\Shinhanbum\Desktop\ExchangeAttack-master\CipherToolsL\..\Lib_Source\exchangeattack.c(1181,63): warning : conversion to ‘uint64_t’ {aka ‘long unsigned int’} from ‘int’ may change the sign of the result [-Wsign-conversion]
C:\Users\Shinhanbum\Desktop\ExchangeAttack-master\CipherToolsL\..\Lib_Source\exchangeattack.c(1181,63): warning :  1181 |      temp_state1[in_active_indexes1[idx1]] = dat_tab[(dat_idx - cnt_idx)].pt[idx1];
C:\Users\Shinhanbum\Desktop\ExchangeAttack-master\CipherToolsL\..\Lib_Source\exchangeattack.c(1181,63): warning :       |                                                               ^
C:\Users\Shinhanbum\Desktop\ExchangeAttack-master\CipherToolsL\..\Lib_Source\exchangeattack.c(1187,63): warning : conversion to ‘uint64_t’ {aka ‘long unsigned int’} from ‘int’ may change the sign of the result [-Wsign-conversion]
C:\Users\Shinhanbum\Desktop\ExchangeAttack-master\CipherToolsL\..\Lib_Source\exchangeattack.c(1187,63): warning :  1187 |      temp_state2[in_active_indexes2[idx2]] = dat_tab[(dat_idx - cnt_idx)].pt[idx2 + 4];
C:\Users\Shinhanbum\Desktop\ExchangeAttack-master\CipherToolsL\..\Lib_Source\exchangeattack.c(1187,63): warning :       |                                                               ^
C:\Users\Shinhanbum\Desktop\ExchangeAttack-master\CipherToolsL\..\Lib_Source\exchangeattack.c(1266,27): warning : conversion to ‘uint64_t’ {aka ‘long unsigned int’} from ‘int’ may change the sign of the result [-Wsign-conversion]
C:\Users\Shinhanbum\Desktop\ExchangeAttack-master\CipherToolsL\..\Lib_Source\exchangeattack.c(1266,27): warning :  1266 |      if (dat_tab[(dat_idx - cnt_idx)].pt[i] != dat_tab[(dat_idx)].pt[i])
C:\Users\Shinhanbum\Desktop\ExchangeAttack-master\CipherToolsL\..\Lib_Source\exchangeattack.c(1266,27): warning :       |                           ^
C:\Users\Shinhanbum\Desktop\ExchangeAttack-master\CipherToolsL\..\Lib_Source\exchangeattack.c(1274,27): warning : conversion to ‘uint64_t’ {aka ‘long unsigned int’} from ‘int’ may change the sign of the result [-Wsign-conversion]
C:\Users\Shinhanbum\Desktop\ExchangeAttack-master\CipherToolsL\..\Lib_Source\exchangeattack.c(1274,27): warning :  1274 |      if (dat_tab[(dat_idx - cnt_idx)].pt[i] != dat_tab[(dat_idx)].pt[i])
C:\Users\Shinhanbum\Desktop\ExchangeAttack-master\CipherToolsL\..\Lib_Source\exchangeattack.c(1274,27): warning :       |                           ^
C:\Users\Shinhanbum\Desktop\ExchangeAttack-master\CipherToolsL\..\Lib_Source\exchangeattack.c(1291,63): warning : conversion to ‘uint64_t’ {aka ‘long unsigned int’} from ‘int’ may change the sign of the result [-Wsign-conversion]
C:\Users\Shinhanbum\Desktop\ExchangeAttack-master\CipherToolsL\..\Lib_Source\exchangeattack.c(1291,63): warning :  1291 |      temp_state1[in_active_indexes1[idx1]] = dat_tab[(dat_idx - cnt_idx)].pt[idx1];
C:\Users\Shinhanbum\Desktop\ExchangeAttack-master\CipherToolsL\..\Lib_Source\exchangeattack.c(1291,63): warning :       |                                                               ^
C:\Users\Shinhanbum\Desktop\ExchangeAttack-master\CipherToolsL\..\Lib_Source\exchangeattack.c(1297,63): warning : conversion to ‘uint64_t’ {aka ‘long unsigned int’} from ‘int’ may change the sign of the result [-Wsign-conversion]
C:\Users\Shinhanbum\Desktop\ExchangeAttack-master\CipherToolsL\..\Lib_Source\exchangeattack.c(1297,63): warning :  1297 |      temp_state2[in_active_indexes2[idx2]] = dat_tab[(dat_idx - cnt_idx)].pt[idx2 + 4];
C:\Users\Shinhanbum\Desktop\ExchangeAttack-master\CipherToolsL\..\Lib_Source\exchangeattack.c(1297,63): warning :       |                                                               ^
C:\Users\Shinhanbum\Desktop\ExchangeAttack-master\CipherToolsL\..\Lib_Source\exchangeattack.c(1393,8): warning : conversion from ‘time_t’ {aka ‘long int’} to ‘unsigned int’ may change value [-Wconversion]
C:\Users\Shinhanbum\Desktop\ExchangeAttack-master\CipherToolsL\..\Lib_Source\exchangeattack.c(1393,8): warning :  1393 |  srand(time(NULL));
C:\Users\Shinhanbum\Desktop\ExchangeAttack-master\CipherToolsL\..\Lib_Source\exchangeattack.c(1393,8): warning :       |        ^~~~~~~~~~
C:\Users\Shinhanbum\Desktop\ExchangeAttack-master\CipherToolsL\..\Lib_Source\exchangeattack.c(1412,8): warning : conversion to ‘uint64_t’ {aka ‘long unsigned int’} from ‘int’ may change the sign of the result [-Wsign-conversion]
C:\Users\Shinhanbum\Desktop\ExchangeAttack-master\CipherToolsL\..\Lib_Source\exchangeattack.c(1412,8): warning :  1412 |    a = rand() % ((1) << (8));
C:\Users\Shinhanbum\Desktop\ExchangeAttack-master\CipherToolsL\..\Lib_Source\exchangeattack.c(1412,8): warning :       |        ^~~~
C:\Users\Shinhanbum\Desktop\ExchangeAttack-master\CipherToolsL\..\Lib_Source\exchangeattack.c(1415,38): warning : conversion from ‘uint64_t’ {aka ‘long unsigned int’} to ‘uint8_t’ {aka ‘unsigned char’} may change value [-Wconversion]
C:\Users\Shinhanbum\Desktop\ExchangeAttack-master\CipherToolsL\..\Lib_Source\exchangeattack.c(1415,38): warning :  1415 |    state[in_active_indexes1[idx1]] = a;
C:\Users\Shinhanbum\Desktop\ExchangeAttack-master\CipherToolsL\..\Lib_Source\exchangeattack.c(1415,38): warning :       |                                      ^
C:\Users\Shinhanbum\Desktop\ExchangeAttack-master\CipherToolsL\..\Lib_Source\exchangeattack.c(1425,9): warning : conversion to ‘uint64_t’ {aka ‘long unsigned int’} from ‘int’ may change the sign of the result [-Wsign-conversion]
C:\Users\Shinhanbum\Desktop\ExchangeAttack-master\CipherToolsL\..\Lib_Source\exchangeattack.c(1425,9): warning :  1425 |     a = rand() % ((1) << (8));
C:\Users\Shinhanbum\Desktop\ExchangeAttack-master\CipherToolsL\..\Lib_Source\exchangeattack.c(1425,9): warning :       |         ^~~~
C:\Users\Shinhanbum\Desktop\ExchangeAttack-master\CipherToolsL\..\Lib_Source\exchangeattack.c(1428,39): warning : conversion from ‘uint64_t’ {aka ‘long unsigned int’} to ‘uint8_t’ {aka ‘unsigned char’} may change value [-Wconversion]
C:\Users\Shinhanbum\Desktop\ExchangeAttack-master\CipherToolsL\..\Lib_Source\exchangeattack.c(1428,39): warning :  1428 |     state[in_active_indexes2[idx2]] = a;
C:\Users\Shinhanbum\Desktop\ExchangeAttack-master\CipherToolsL\..\Lib_Source\exchangeattack.c(1428,39): warning :       |                                       ^
C:\Users\Shinhanbum\Desktop\ExchangeAttack-master\CipherToolsL\..\Lib_Source\exchangeattack.c(1451,59): warning : conversion to ‘long unsigned int’ from ‘int’ may change the sign of the result [-Wsign-conversion]
C:\Users\Shinhanbum\Desktop\ExchangeAttack-master\CipherToolsL\..\Lib_Source\exchangeattack.c(1451,59): warning :  1451 |    dat_tab[dat_idx].pt = (uint8_t*)malloc(sizeof(uint8_t) * num_active_sboxes_in);
C:\Users\Shinhanbum\Desktop\ExchangeAttack-master\CipherToolsL\..\Lib_Source\exchangeattack.c(1451,59): warning :       |                                                           ^
C:\Users\Shinhanbum\Desktop\ExchangeAttack-master\CipherToolsL\..\Lib_Source\exchangeattack.c(1453,54): warning : conversion to ‘long unsigned int’ from ‘int’ may change the sign of the result [-Wsign-conversion]
C:\Users\Shinhanbum\Desktop\ExchangeAttack-master\CipherToolsL\..\Lib_Source\exchangeattack.c(1453,54): warning :  1453 |    memcpy(dat_tab[dat_idx].pt, &dat, sizeof(uint8_t) * num_active_sboxes_in);
C:\Users\Shinhanbum\Desktop\ExchangeAttack-master\CipherToolsL\..\Lib_Source\exchangeattack.c(1453,54): warning :       |                                                      ^
C:\Users\Shinhanbum\Desktop\ExchangeAttack-master\CipherToolsL\..\Lib_Source\exchangeattack.c(1486,27): warning : conversion to ‘uint64_t’ {aka ‘long unsigned int’} from ‘int’ may change the sign of the result [-Wsign-conversion]
C:\Users\Shinhanbum\Desktop\ExchangeAttack-master\CipherToolsL\..\Lib_Source\exchangeattack.c(1486,27): warning :  1486 |      if (dat_tab[(dat_idx - cnt_idx)].pt[i] != dat_tab[(dat_idx)].pt[i])
C:\Users\Shinhanbum\Desktop\ExchangeAttack-master\CipherToolsL\..\Lib_Source\exchangeattack.c(1486,27): warning :       |                           ^
C:\Users\Shinhanbum\Desktop\ExchangeAttack-master\CipherToolsL\..\Lib_Source\exchangeattack.c(1494,27): warning : conversion to ‘uint64_t’ {aka ‘long unsigned int’} from ‘int’ may change the sign of the result [-Wsign-conversion]
C:\Users\Shinhanbum\Desktop\ExchangeAttack-master\CipherToolsL\..\Lib_Source\exchangeattack.c(1494,27): warning :  1494 |      if (dat_tab[(dat_idx - cnt_idx)].pt[i] != dat_tab[(dat_idx)].pt[i])
C:\Users\Shinhanbum\Desktop\ExchangeAttack-master\CipherToolsL\..\Lib_Source\exchangeattack.c(1494,27): warning :       |                           ^
C:\Users\Shinhanbum\Desktop\ExchangeAttack-master\CipherToolsL\..\Lib_Source\exchangeattack.c(1511,63): warning : conversion to ‘uint64_t’ {aka ‘long unsigned int’} from ‘int’ may change the sign of the result [-Wsign-conversion]
C:\Users\Shinhanbum\Desktop\ExchangeAttack-master\CipherToolsL\..\Lib_Source\exchangeattack.c(1511,63): warning :  1511 |      temp_state1[in_active_indexes1[idx1]] = dat_tab[(dat_idx - cnt_idx)].pt[idx1];
C:\Users\Shinhanbum\Desktop\ExchangeAttack-master\CipherToolsL\..\Lib_Source\exchangeattack.c(1511,63): warning :       |                                                               ^
C:\Users\Shinhanbum\Desktop\ExchangeAttack-master\CipherToolsL\..\Lib_Source\exchangeattack.c(1517,63): warning : conversion to ‘uint64_t’ {aka ‘long unsigned int’} from ‘int’ may change the sign of the result [-Wsign-conversion]
C:\Users\Shinhanbum\Desktop\ExchangeAttack-master\CipherToolsL\..\Lib_Source\exchangeattack.c(1517,63): warning :  1517 |      temp_state2[in_active_indexes2[idx2]] = dat_tab[(dat_idx - cnt_idx)].pt[idx2 + 4];
C:\Users\Shinhanbum\Desktop\ExchangeAttack-master\CipherToolsL\..\Lib_Source\exchangeattack.c(1517,63): warning :       |                                                               ^
C:\Users\Shinhanbum\Desktop\ExchangeAttack-master\CipherToolsL\..\Lib_Source\exchangeattack.c(1574,14): warning : unsigned conversion from ‘int’ to ‘uint64_t’ {aka ‘long unsigned int’} changes value from ‘-1’ to ‘18446744073709551615’ [-Wsign-conversion]
C:\Users\Shinhanbum\Desktop\ExchangeAttack-master\CipherToolsL\..\Lib_Source\exchangeattack.c(1574,14): warning :  1574 |       return -1;
C:\Users\Shinhanbum\Desktop\ExchangeAttack-master\CipherToolsL\..\Lib_Source\exchangeattack.c(1574,14): warning :       |              ^
C:\Users\Shinhanbum\Desktop\ExchangeAttack-master\CipherToolsL\..\Lib_Source\exchangeattack.c(1582,14): warning : unsigned conversion from ‘int’ to ‘uint64_t’ {aka ‘long unsigned int’} changes value from ‘-1’ to ‘18446744073709551615’ [-Wsign-conversion]
C:\Users\Shinhanbum\Desktop\ExchangeAttack-master\CipherToolsL\..\Lib_Source\exchangeattack.c(1582,14): warning :  1582 |       return -1;
C:\Users\Shinhanbum\Desktop\ExchangeAttack-master\CipherToolsL\..\Lib_Source\exchangeattack.c(1582,14): warning :       |              ^
C:\Users\Shinhanbum\Desktop\ExchangeAttack-master\CipherToolsL\..\Lib_Source\exchangeattack.c(1588,66): warning : conversion to ‘uint64_t’ {aka ‘long unsigned int’} from ‘int’ may change the sign of the result [-Wsign-conversion]
C:\Users\Shinhanbum\Desktop\ExchangeAttack-master\CipherToolsL\..\Lib_Source\exchangeattack.c(1588,66): warning :  1588 |       found_pairs_1[found_pairs_1_num][i + 8] = dat_tab[(dat_idx - cnt_idx)].pt[i];
C:\Users\Shinhanbum\Desktop\ExchangeAttack-master\CipherToolsL\..\Lib_Source\exchangeattack.c(1588,66): warning :       |                                                                  ^
C:\Users\Shinhanbum\Desktop\ExchangeAttack-master\CipherToolsL\..\Lib_Source\exchangeattack.c(1625,27): warning : conversion to ‘uint64_t’ {aka ‘long unsigned int’} from ‘int’ may change the sign of the result [-Wsign-conversion]
C:\Users\Shinhanbum\Desktop\ExchangeAttack-master\CipherToolsL\..\Lib_Source\exchangeattack.c(1625,27): warning :  1625 |      if (dat_tab[(dat_idx - cnt_idx)].pt[i] != dat_tab[(dat_idx)].pt[i])
C:\Users\Shinhanbum\Desktop\ExchangeAttack-master\CipherToolsL\..\Lib_Source\exchangeattack.c(1625,27): warning :       |                           ^
C:\Users\Shinhanbum\Desktop\ExchangeAttack-master\CipherToolsL\..\Lib_Source\exchangeattack.c(1633,27): warning : conversion to ‘uint64_t’ {aka ‘long unsigned int’} from ‘int’ may change the sign of the result [-Wsign-conversion]
C:\Users\Shinhanbum\Desktop\ExchangeAttack-master\CipherToolsL\..\Lib_Source\exchangeattack.c(1633,27): warning :  1633 |      if (dat_tab[(dat_idx - cnt_idx)].pt[i] != dat_tab[(dat_idx)].pt[i])
C:\Users\Shinhanbum\Desktop\ExchangeAttack-master\CipherToolsL\..\Lib_Source\exchangeattack.c(1633,27): warning :       |                           ^
C:\Users\Shinhanbum\Desktop\ExchangeAttack-master\CipherToolsL\..\Lib_Source\exchangeattack.c(1650,63): warning : conversion to ‘uint64_t’ {aka ‘long unsigned int’} from ‘int’ may change the sign of the result [-Wsign-conversion]
C:\Users\Shinhanbum\Desktop\ExchangeAttack-master\CipherToolsL\..\Lib_Source\exchangeattack.c(1650,63): warning :  1650 |      temp_state1[in_active_indexes1[idx1]] = dat_tab[(dat_idx - cnt_idx)].pt[idx1];
C:\Users\Shinhanbum\Desktop\ExchangeAttack-master\CipherToolsL\..\Lib_Source\exchangeattack.c(1650,63): warning :       |                                                               ^
C:\Users\Shinhanbum\Desktop\ExchangeAttack-master\CipherToolsL\..\Lib_Source\exchangeattack.c(1656,63): warning : conversion to ‘uint64_t’ {aka ‘long unsigned int’} from ‘int’ may change the sign of the result [-Wsign-conversion]
C:\Users\Shinhanbum\Desktop\ExchangeAttack-master\CipherToolsL\..\Lib_Source\exchangeattack.c(1656,63): warning :  1656 |      temp_state2[in_active_indexes2[idx2]] = dat_tab[(dat_idx - cnt_idx)].pt[idx2 + 4];
C:\Users\Shinhanbum\Desktop\ExchangeAttack-master\CipherToolsL\..\Lib_Source\exchangeattack.c(1656,63): warning :       |                                                               ^
C:\Users\Shinhanbum\Desktop\ExchangeAttack-master\CipherToolsL\..\Lib_Source\exchangeattack.c(1713,14): warning : unsigned conversion from ‘int’ to ‘uint64_t’ {aka ‘long unsigned int’} changes value from ‘-1’ to ‘18446744073709551615’ [-Wsign-conversion]
C:\Users\Shinhanbum\Desktop\ExchangeAttack-master\CipherToolsL\..\Lib_Source\exchangeattack.c(1713,14): warning :  1713 |       return -1;
C:\Users\Shinhanbum\Desktop\ExchangeAttack-master\CipherToolsL\..\Lib_Source\exchangeattack.c(1713,14): warning :       |              ^
C:\Users\Shinhanbum\Desktop\ExchangeAttack-master\CipherToolsL\..\Lib_Source\exchangeattack.c(1721,14): warning : unsigned conversion from ‘int’ to ‘uint64_t’ {aka ‘long unsigned int’} changes value from ‘-1’ to ‘18446744073709551615’ [-Wsign-conversion]
C:\Users\Shinhanbum\Desktop\ExchangeAttack-master\CipherToolsL\..\Lib_Source\exchangeattack.c(1721,14): warning :  1721 |       return -1;
C:\Users\Shinhanbum\Desktop\ExchangeAttack-master\CipherToolsL\..\Lib_Source\exchangeattack.c(1721,14): warning :       |              ^
C:\Users\Shinhanbum\Desktop\ExchangeAttack-master\CipherToolsL\..\Lib_Source\exchangeattack.c(1727,66): warning : conversion to ‘uint64_t’ {aka ‘long unsigned int’} from ‘int’ may change the sign of the result [-Wsign-conversion]
C:\Users\Shinhanbum\Desktop\ExchangeAttack-master\CipherToolsL\..\Lib_Source\exchangeattack.c(1727,66): warning :  1727 |       found_pairs_1[found_pairs_1_num][i + 8] = dat_tab[(dat_idx - cnt_idx)].pt[i];
C:\Users\Shinhanbum\Desktop\ExchangeAttack-master\CipherToolsL\..\Lib_Source\exchangeattack.c(1727,66): warning :       |                                                                  ^
C:\Users\Shinhanbum\Desktop\ExchangeAttack-master\CipherToolsL\..\Lib_Source\exchangeattack.c(1764,27): warning : conversion to ‘uint64_t’ {aka ‘long unsigned int’} from ‘int’ may change the sign of the result [-Wsign-conversion]
C:\Users\Shinhanbum\Desktop\ExchangeAttack-master\CipherToolsL\..\Lib_Source\exchangeattack.c(1764,27): warning :  1764 |      if (dat_tab[(dat_idx - cnt_idx)].pt[i] != dat_tab[(dat_idx)].pt[i])
C:\Users\Shinhanbum\Desktop\ExchangeAttack-master\CipherToolsL\..\Lib_Source\exchangeattack.c(1764,27): warning :       |                           ^
C:\Users\Shinhanbum\Desktop\ExchangeAttack-master\CipherToolsL\..\Lib_Source\exchangeattack.c(1772,27): warning : conversion to ‘uint64_t’ {aka ‘long unsigned int’} from ‘int’ may change the sign of the result [-Wsign-conversion]
C:\Users\Shinhanbum\Desktop\ExchangeAttack-master\CipherToolsL\..\Lib_Source\exchangeattack.c(1772,27): warning :  1772 |      if (dat_tab[(dat_idx - cnt_idx)].pt[i] != dat_tab[(dat_idx)].pt[i])
C:\Users\Shinhanbum\Desktop\ExchangeAttack-master\CipherToolsL\..\Lib_Source\exchangeattack.c(1772,27): warning :       |                           ^
C:\Users\Shinhanbum\Desktop\ExchangeAttack-master\CipherToolsL\..\Lib_Source\exchangeattack.c(1789,63): warning : conversion to ‘uint64_t’ {aka ‘long unsigned int’} from ‘int’ may change the sign of the result [-Wsign-conversion]
C:\Users\Shinhanbum\Desktop\ExchangeAttack-master\CipherToolsL\..\Lib_Source\exchangeattack.c(1789,63): warning :  1789 |      temp_state1[in_active_indexes1[idx1]] = dat_tab[(dat_idx - cnt_idx)].pt[idx1];
C:\Users\Shinhanbum\Desktop\ExchangeAttack-master\CipherToolsL\..\Lib_Source\exchangeattack.c(1789,63): warning :       |                                                               ^
C:\Users\Shinhanbum\Desktop\ExchangeAttack-master\CipherToolsL\..\Lib_Source\exchangeattack.c(1795,63): warning : conversion to ‘uint64_t’ {aka ‘long unsigned int’} from ‘int’ may change the sign of the result [-Wsign-conversion]
C:\Users\Shinhanbum\Desktop\ExchangeAttack-master\CipherToolsL\..\Lib_Source\exchangeattack.c(1795,63): warning :  1795 |      temp_state2[in_active_indexes2[idx2]] = dat_tab[(dat_idx - cnt_idx)].pt[idx2 + 4];
C:\Users\Shinhanbum\Desktop\ExchangeAttack-master\CipherToolsL\..\Lib_Source\exchangeattack.c(1795,63): warning :       |                                                               ^
C:\Users\Shinhanbum\Desktop\ExchangeAttack-master\CipherToolsL\..\Lib_Source\exchangeattack.c(1852,14): warning : unsigned conversion from ‘int’ to ‘uint64_t’ {aka ‘long unsigned int’} changes value from ‘-1’ to ‘18446744073709551615’ [-Wsign-conversion]
C:\Users\Shinhanbum\Desktop\ExchangeAttack-master\CipherToolsL\..\Lib_Source\exchangeattack.c(1852,14): warning :  1852 |       return -1;
C:\Users\Shinhanbum\Desktop\ExchangeAttack-master\CipherToolsL\..\Lib_Source\exchangeattack.c(1852,14): warning :       |              ^
C:\Users\Shinhanbum\Desktop\ExchangeAttack-master\CipherToolsL\..\Lib_Source\exchangeattack.c(1860,14): warning : unsigned conversion from ‘int’ to ‘uint64_t’ {aka ‘long unsigned int’} changes value from ‘-1’ to ‘18446744073709551615’ [-Wsign-conversion]
C:\Users\Shinhanbum\Desktop\ExchangeAttack-master\CipherToolsL\..\Lib_Source\exchangeattack.c(1860,14): warning :  1860 |       return -1;
C:\Users\Shinhanbum\Desktop\ExchangeAttack-master\CipherToolsL\..\Lib_Source\exchangeattack.c(1860,14): warning :       |              ^
C:\Users\Shinhanbum\Desktop\ExchangeAttack-master\CipherToolsL\..\Lib_Source\exchangeattack.c(1866,66): warning : conversion to ‘uint64_t’ {aka ‘long unsigned int’} from ‘int’ may change the sign of the result [-Wsign-conversion]
C:\Users\Shinhanbum\Desktop\ExchangeAttack-master\CipherToolsL\..\Lib_Source\exchangeattack.c(1866,66): warning :  1866 |       found_pairs_1[found_pairs_1_num][i + 8] = dat_tab[(dat_idx - cnt_idx)].pt[i];
C:\Users\Shinhanbum\Desktop\ExchangeAttack-master\CipherToolsL\..\Lib_Source\exchangeattack.c(1866,66): warning :       |                                                                  ^
C:\Users\Shinhanbum\Desktop\ExchangeAttack-master\CipherToolsL\..\Lib_Source\exchangeattack.c(1903,27): warning : conversion to ‘uint64_t’ {aka ‘long unsigned int’} from ‘int’ may change the sign of the result [-Wsign-conversion]
C:\Users\Shinhanbum\Desktop\ExchangeAttack-master\CipherToolsL\..\Lib_Source\exchangeattack.c(1903,27): warning :  1903 |      if (dat_tab[(dat_idx - cnt_idx)].pt[i] != dat_tab[(dat_idx)].pt[i])
C:\Users\Shinhanbum\Desktop\ExchangeAttack-master\CipherToolsL\..\Lib_Source\exchangeattack.c(1903,27): warning :       |                           ^
C:\Users\Shinhanbum\Desktop\ExchangeAttack-master\CipherToolsL\..\Lib_Source\exchangeattack.c(1911,27): warning : conversion to ‘uint64_t’ {aka ‘long unsigned int’} from ‘int’ may change the sign of the result [-Wsign-conversion]
C:\Users\Shinhanbum\Desktop\ExchangeAttack-master\CipherToolsL\..\Lib_Source\exchangeattack.c(1911,27): warning :  1911 |      if (dat_tab[(dat_idx - cnt_idx)].pt[i] != dat_tab[(dat_idx)].pt[i])
C:\Users\Shinhanbum\Desktop\ExchangeAttack-master\CipherToolsL\..\Lib_Source\exchangeattack.c(1911,27): warning :       |                           ^
C:\Users\Shinhanbum\Desktop\ExchangeAttack-master\CipherToolsL\..\Lib_Source\exchangeattack.c(1928,63): warning : conversion to ‘uint64_t’ {aka ‘long unsigned int’} from ‘int’ may change the sign of the result [-Wsign-conversion]
C:\Users\Shinhanbum\Desktop\ExchangeAttack-master\CipherToolsL\..\Lib_Source\exchangeattack.c(1928,63): warning :  1928 |      temp_state1[in_active_indexes1[idx1]] = dat_tab[(dat_idx - cnt_idx)].pt[idx1];
C:\Users\Shinhanbum\Desktop\ExchangeAttack-master\CipherToolsL\..\Lib_Source\exchangeattack.c(1928,63): warning :       |                                                               ^
C:\Users\Shinhanbum\Desktop\ExchangeAttack-master\CipherToolsL\..\Lib_Source\exchangeattack.c(1934,63): warning : conversion to ‘uint64_t’ {aka ‘long unsigned int’} from ‘int’ may change the sign of the result [-Wsign-conversion]
C:\Users\Shinhanbum\Desktop\ExchangeAttack-master\CipherToolsL\..\Lib_Source\exchangeattack.c(1934,63): warning :  1934 |      temp_state2[in_active_indexes2[idx2]] = dat_tab[(dat_idx - cnt_idx)].pt[idx2 + 4];
C:\Users\Shinhanbum\Desktop\ExchangeAttack-master\CipherToolsL\..\Lib_Source\exchangeattack.c(1934,63): warning :       |                                                               ^
C:\Users\Shinhanbum\Desktop\ExchangeAttack-master\CipherToolsL\..\Lib_Source\exchangeattack.c(1991,14): warning : unsigned conversion from ‘int’ to ‘uint64_t’ {aka ‘long unsigned int’} changes value from ‘-1’ to ‘18446744073709551615’ [-Wsign-conversion]
C:\Users\Shinhanbum\Desktop\ExchangeAttack-master\CipherToolsL\..\Lib_Source\exchangeattack.c(1991,14): warning :  1991 |       return -1;
C:\Users\Shinhanbum\Desktop\ExchangeAttack-master\CipherToolsL\..\Lib_Source\exchangeattack.c(1991,14): warning :       |              ^
C:\Users\Shinhanbum\Desktop\ExchangeAttack-master\CipherToolsL\..\Lib_Source\exchangeattack.c(1999,14): warning : unsigned conversion from ‘int’ to ‘uint64_t’ {aka ‘long unsigned int’} changes value from ‘-1’ to ‘18446744073709551615’ [-Wsign-conversion]
C:\Users\Shinhanbum\Desktop\ExchangeAttack-master\CipherToolsL\..\Lib_Source\exchangeattack.c(1999,14): warning :  1999 |       return -1;
C:\Users\Shinhanbum\Desktop\ExchangeAttack-master\CipherToolsL\..\Lib_Source\exchangeattack.c(1999,14): warning :       |              ^
C:\Users\Shinhanbum\Desktop\ExchangeAttack-master\CipherToolsL\..\Lib_Source\exchangeattack.c(2005,66): warning : conversion to ‘uint64_t’ {aka ‘long unsigned int’} from ‘int’ may change the sign of the result [-Wsign-conversion]
C:\Users\Shinhanbum\Desktop\ExchangeAttack-master\CipherToolsL\..\Lib_Source\exchangeattack.c(2005,66): warning :  2005 |       found_pairs_1[found_pairs_1_num][i + 8] = dat_tab[(dat_idx - cnt_idx)].pt[i];
C:\Users\Shinhanbum\Desktop\ExchangeAttack-master\CipherToolsL\..\Lib_Source\exchangeattack.c(2005,66): warning :       |                                                                  ^
C:\Users\Shinhanbum\Desktop\ExchangeAttack-master\CipherToolsL\..\Lib_Source\exchangeattack.c(2039,8): warning : conversion to ‘uint64_t’ {aka ‘long unsigned int’} from ‘int’ may change the sign of the result [-Wsign-conversion]
C:\Users\Shinhanbum\Desktop\ExchangeAttack-master\CipherToolsL\..\Lib_Source\exchangeattack.c(2039,8): warning :  2039 |    a = rand() % ((1) << (8));
C:\Users\Shinhanbum\Desktop\ExchangeAttack-master\CipherToolsL\..\Lib_Source\exchangeattack.c(2039,8): warning :       |        ^~~~
C:\Users\Shinhanbum\Desktop\ExchangeAttack-master\CipherToolsL\..\Lib_Source\exchangeattack.c(2042,38): warning : conversion from ‘uint64_t’ {aka ‘long unsigned int’} to ‘uint8_t’ {aka ‘unsigned char’} may change value [-Wconversion]
C:\Users\Shinhanbum\Desktop\ExchangeAttack-master\CipherToolsL\..\Lib_Source\exchangeattack.c(2042,38): warning :  2042 |    state[in_active_indexes1[idx1]] = a;
C:\Users\Shinhanbum\Desktop\ExchangeAttack-master\CipherToolsL\..\Lib_Source\exchangeattack.c(2042,38): warning :       |                                      ^
C:\Users\Shinhanbum\Desktop\ExchangeAttack-master\CipherToolsL\..\Lib_Source\exchangeattack.c(2052,9): warning : conversion to ‘uint64_t’ {aka ‘long unsigned int’} from ‘int’ may change the sign of the result [-Wsign-conversion]
C:\Users\Shinhanbum\Desktop\ExchangeAttack-master\CipherToolsL\..\Lib_Source\exchangeattack.c(2052,9): warning :  2052 |     a = rand() % ((1) << (8));
C:\Users\Shinhanbum\Desktop\ExchangeAttack-master\CipherToolsL\..\Lib_Source\exchangeattack.c(2052,9): warning :       |         ^~~~
C:\Users\Shinhanbum\Desktop\ExchangeAttack-master\CipherToolsL\..\Lib_Source\exchangeattack.c(2055,39): warning : conversion from ‘uint64_t’ {aka ‘long unsigned int’} to ‘uint8_t’ {aka ‘unsigned char’} may change value [-Wconversion]
C:\Users\Shinhanbum\Desktop\ExchangeAttack-master\CipherToolsL\..\Lib_Source\exchangeattack.c(2055,39): warning :  2055 |     state[in_active_indexes2[idx2]] = a;
C:\Users\Shinhanbum\Desktop\ExchangeAttack-master\CipherToolsL\..\Lib_Source\exchangeattack.c(2055,39): warning :       |                                       ^
C:\Users\Shinhanbum\Desktop\ExchangeAttack-master\CipherToolsL\..\Lib_Source\exchangeattack.c(2078,59): warning : conversion to ‘long unsigned int’ from ‘int’ may change the sign of the result [-Wsign-conversion]
C:\Users\Shinhanbum\Desktop\ExchangeAttack-master\CipherToolsL\..\Lib_Source\exchangeattack.c(2078,59): warning :  2078 |    dat_tab[dat_idx].pt = (uint8_t*)malloc(sizeof(uint8_t) * num_active_sboxes_in);
C:\Users\Shinhanbum\Desktop\ExchangeAttack-master\CipherToolsL\..\Lib_Source\exchangeattack.c(2078,59): warning :       |                                                           ^
C:\Users\Shinhanbum\Desktop\ExchangeAttack-master\CipherToolsL\..\Lib_Source\exchangeattack.c(2080,54): warning : conversion to ‘long unsigned int’ from ‘int’ may change the sign of the result [-Wsign-conversion]
C:\Users\Shinhanbum\Desktop\ExchangeAttack-master\CipherToolsL\..\Lib_Source\exchangeattack.c(2080,54): warning :  2080 |    memcpy(dat_tab[dat_idx].pt, &dat, sizeof(uint8_t) * num_active_sboxes_in);
C:\Users\Shinhanbum\Desktop\ExchangeAttack-master\CipherToolsL\..\Lib_Source\exchangeattack.c(2080,54): warning :       |                                                      ^
C:\Users\Shinhanbum\Desktop\ExchangeAttack-master\CipherToolsL\..\Lib_Source\exchangeattack.c(2113,27): warning : conversion to ‘uint64_t’ {aka ‘long unsigned int’} from ‘int’ may change the sign of the result [-Wsign-conversion]
C:\Users\Shinhanbum\Desktop\ExchangeAttack-master\CipherToolsL\..\Lib_Source\exchangeattack.c(2113,27): warning :  2113 |      if (dat_tab[(dat_idx - cnt_idx)].pt[i] != dat_tab[(dat_idx)].pt[i])
C:\Users\Shinhanbum\Desktop\ExchangeAttack-master\CipherToolsL\..\Lib_Source\exchangeattack.c(2113,27): warning :       |                           ^
C:\Users\Shinhanbum\Desktop\ExchangeAttack-master\CipherToolsL\..\Lib_Source\exchangeattack.c(2121,27): warning : conversion to ‘uint64_t’ {aka ‘long unsigned int’} from ‘int’ may change the sign of the result [-Wsign-conversion]
C:\Users\Shinhanbum\Desktop\ExchangeAttack-master\CipherToolsL\..\Lib_Source\exchangeattack.c(2121,27): warning :  2121 |      if (dat_tab[(dat_idx - cnt_idx)].pt[i] != dat_tab[(dat_idx)].pt[i])
C:\Users\Shinhanbum\Desktop\ExchangeAttack-master\CipherToolsL\..\Lib_Source\exchangeattack.c(2121,27): warning :       |                           ^
C:\Users\Shinhanbum\Desktop\ExchangeAttack-master\CipherToolsL\..\Lib_Source\exchangeattack.c(2138,63): warning : conversion to ‘uint64_t’ {aka ‘long unsigned int’} from ‘int’ may change the sign of the result [-Wsign-conversion]
C:\Users\Shinhanbum\Desktop\ExchangeAttack-master\CipherToolsL\..\Lib_Source\exchangeattack.c(2138,63): warning :  2138 |      temp_state1[in_active_indexes1[idx1]] = dat_tab[(dat_idx - cnt_idx)].pt[idx1];
C:\Users\Shinhanbum\Desktop\ExchangeAttack-master\CipherToolsL\..\Lib_Source\exchangeattack.c(2138,63): warning :       |                                                               ^
C:\Users\Shinhanbum\Desktop\ExchangeAttack-master\CipherToolsL\..\Lib_Source\exchangeattack.c(2144,63): warning : conversion to ‘uint64_t’ {aka ‘long unsigned int’} from ‘int’ may change the sign of the result [-Wsign-conversion]
C:\Users\Shinhanbum\Desktop\ExchangeAttack-master\CipherToolsL\..\Lib_Source\exchangeattack.c(2144,63): warning :  2144 |      temp_state2[in_active_indexes2[idx2]] = dat_tab[(dat_idx - cnt_idx)].pt[idx2 + 4];
C:\Users\Shinhanbum\Desktop\ExchangeAttack-master\CipherToolsL\..\Lib_Source\exchangeattack.c(2144,63): warning :       |                                                               ^
C:\Users\Shinhanbum\Desktop\ExchangeAttack-master\CipherToolsL\..\Lib_Source\exchangeattack.c(2201,14): warning : unsigned conversion from ‘int’ to ‘uint64_t’ {aka ‘long unsigned int’} changes value from ‘-1’ to ‘18446744073709551615’ [-Wsign-conversion]
C:\Users\Shinhanbum\Desktop\ExchangeAttack-master\CipherToolsL\..\Lib_Source\exchangeattack.c(2201,14): warning :  2201 |       return -1;
C:\Users\Shinhanbum\Desktop\ExchangeAttack-master\CipherToolsL\..\Lib_Source\exchangeattack.c(2201,14): warning :       |              ^
C:\Users\Shinhanbum\Desktop\ExchangeAttack-master\CipherToolsL\..\Lib_Source\exchangeattack.c(2209,14): warning : unsigned conversion from ‘int’ to ‘uint64_t’ {aka ‘long unsigned int’} changes value from ‘-1’ to ‘18446744073709551615’ [-Wsign-conversion]
C:\Users\Shinhanbum\Desktop\ExchangeAttack-master\CipherToolsL\..\Lib_Source\exchangeattack.c(2209,14): warning :  2209 |       return -1;
C:\Users\Shinhanbum\Desktop\ExchangeAttack-master\CipherToolsL\..\Lib_Source\exchangeattack.c(2209,14): warning :       |              ^
C:\Users\Shinhanbum\Desktop\ExchangeAttack-master\CipherToolsL\..\Lib_Source\exchangeattack.c(2215,66): warning : conversion to ‘uint64_t’ {aka ‘long unsigned int’} from ‘int’ may change the sign of the result [-Wsign-conversion]
C:\Users\Shinhanbum\Desktop\ExchangeAttack-master\CipherToolsL\..\Lib_Source\exchangeattack.c(2215,66): warning :  2215 |       found_pairs_2[found_pairs_2_num][i + 8] = dat_tab[(dat_idx - cnt_idx)].pt[i];
C:\Users\Shinhanbum\Desktop\ExchangeAttack-master\CipherToolsL\..\Lib_Source\exchangeattack.c(2215,66): warning :       |                                                                  ^
C:\Users\Shinhanbum\Desktop\ExchangeAttack-master\CipherToolsL\..\Lib_Source\exchangeattack.c(2252,27): warning : conversion to ‘uint64_t’ {aka ‘long unsigned int’} from ‘int’ may change the sign of the result [-Wsign-conversion]
C:\Users\Shinhanbum\Desktop\ExchangeAttack-master\CipherToolsL\..\Lib_Source\exchangeattack.c(2252,27): warning :  2252 |      if (dat_tab[(dat_idx - cnt_idx)].pt[i] != dat_tab[(dat_idx)].pt[i])
C:\Users\Shinhanbum\Desktop\ExchangeAttack-master\CipherToolsL\..\Lib_Source\exchangeattack.c(2252,27): warning :       |                           ^
C:\Users\Shinhanbum\Desktop\ExchangeAttack-master\CipherToolsL\..\Lib_Source\exchangeattack.c(2260,27): warning : conversion to ‘uint64_t’ {aka ‘long unsigned int’} from ‘int’ may change the sign of the result [-Wsign-conversion]
C:\Users\Shinhanbum\Desktop\ExchangeAttack-master\CipherToolsL\..\Lib_Source\exchangeattack.c(2260,27): warning :  2260 |      if (dat_tab[(dat_idx - cnt_idx)].pt[i] != dat_tab[(dat_idx)].pt[i])
C:\Users\Shinhanbum\Desktop\ExchangeAttack-master\CipherToolsL\..\Lib_Source\exchangeattack.c(2260,27): warning :       |                           ^
C:\Users\Shinhanbum\Desktop\ExchangeAttack-master\CipherToolsL\..\Lib_Source\exchangeattack.c(2277,63): warning : conversion to ‘uint64_t’ {aka ‘long unsigned int’} from ‘int’ may change the sign of the result [-Wsign-conversion]
C:\Users\Shinhanbum\Desktop\ExchangeAttack-master\CipherToolsL\..\Lib_Source\exchangeattack.c(2277,63): warning :  2277 |      temp_state1[in_active_indexes1[idx1]] = dat_tab[(dat_idx - cnt_idx)].pt[idx1];
C:\Users\Shinhanbum\Desktop\ExchangeAttack-master\CipherToolsL\..\Lib_Source\exchangeattack.c(2277,63): warning :       |                                                               ^
C:\Users\Shinhanbum\Desktop\ExchangeAttack-master\CipherToolsL\..\Lib_Source\exchangeattack.c(2283,63): warning : conversion to ‘uint64_t’ {aka ‘long unsigned int’} from ‘int’ may change the sign of the result [-Wsign-conversion]
C:\Users\Shinhanbum\Desktop\ExchangeAttack-master\CipherToolsL\..\Lib_Source\exchangeattack.c(2283,63): warning :  2283 |      temp_state2[in_active_indexes2[idx2]] = dat_tab[(dat_idx - cnt_idx)].pt[idx2 + 4];
C:\Users\Shinhanbum\Desktop\ExchangeAttack-master\CipherToolsL\..\Lib_Source\exchangeattack.c(2283,63): warning :       |                                                               ^
C:\Users\Shinhanbum\Desktop\ExchangeAttack-master\CipherToolsL\..\Lib_Source\exchangeattack.c(2340,14): warning : unsigned conversion from ‘int’ to ‘uint64_t’ {aka ‘long unsigned int’} changes value from ‘-1’ to ‘18446744073709551615’ [-Wsign-conversion]
C:\Users\Shinhanbum\Desktop\ExchangeAttack-master\CipherToolsL\..\Lib_Source\exchangeattack.c(2340,14): warning :  2340 |       return -1;
C:\Users\Shinhanbum\Desktop\ExchangeAttack-master\CipherToolsL\..\Lib_Source\exchangeattack.c(2340,14): warning :       |              ^
C:\Users\Shinhanbum\Desktop\ExchangeAttack-master\CipherToolsL\..\Lib_Source\exchangeattack.c(2348,14): warning : unsigned conversion from ‘int’ to ‘uint64_t’ {aka ‘long unsigned int’} changes value from ‘-1’ to ‘18446744073709551615’ [-Wsign-conversion]
C:\Users\Shinhanbum\Desktop\ExchangeAttack-master\CipherToolsL\..\Lib_Source\exchangeattack.c(2348,14): warning :  2348 |       return -1;
C:\Users\Shinhanbum\Desktop\ExchangeAttack-master\CipherToolsL\..\Lib_Source\exchangeattack.c(2348,14): warning :       |              ^
C:\Users\Shinhanbum\Desktop\ExchangeAttack-master\CipherToolsL\..\Lib_Source\exchangeattack.c(2354,66): warning : conversion to ‘uint64_t’ {aka ‘long unsigned int’} from ‘int’ may change the sign of the result [-Wsign-conversion]
C:\Users\Shinhanbum\Desktop\ExchangeAttack-master\CipherToolsL\..\Lib_Source\exchangeattack.c(2354,66): warning :  2354 |       found_pairs_2[found_pairs_2_num][i + 8] = dat_tab[(dat_idx - cnt_idx)].pt[i];
C:\Users\Shinhanbum\Desktop\ExchangeAttack-master\CipherToolsL\..\Lib_Source\exchangeattack.c(2354,66): warning :       |                                                                  ^
C:\Users\Shinhanbum\Desktop\ExchangeAttack-master\CipherToolsL\..\Lib_Source\exchangeattack.c(2391,27): warning : conversion to ‘uint64_t’ {aka ‘long unsigned int’} from ‘int’ may change the sign of the result [-Wsign-conversion]
C:\Users\Shinhanbum\Desktop\ExchangeAttack-master\CipherToolsL\..\Lib_Source\exchangeattack.c(2391,27): warning :  2391 |      if (dat_tab[(dat_idx - cnt_idx)].pt[i] != dat_tab[(dat_idx)].pt[i])
C:\Users\Shinhanbum\Desktop\ExchangeAttack-master\CipherToolsL\..\Lib_Source\exchangeattack.c(2391,27): warning :       |                           ^
C:\Users\Shinhanbum\Desktop\ExchangeAttack-master\CipherToolsL\..\Lib_Source\exchangeattack.c(2399,27): warning : conversion to ‘uint64_t’ {aka ‘long unsigned int’} from ‘int’ may change the sign of the result [-Wsign-conversion]
C:\Users\Shinhanbum\Desktop\ExchangeAttack-master\CipherToolsL\..\Lib_Source\exchangeattack.c(2399,27): warning :  2399 |      if (dat_tab[(dat_idx - cnt_idx)].pt[i] != dat_tab[(dat_idx)].pt[i])
C:\Users\Shinhanbum\Desktop\ExchangeAttack-master\CipherToolsL\..\Lib_Source\exchangeattack.c(2399,27): warning :       |                           ^
C:\Users\Shinhanbum\Desktop\ExchangeAttack-master\CipherToolsL\..\Lib_Source\exchangeattack.c(2416,63): warning : conversion to ‘uint64_t’ {aka ‘long unsigned int’} from ‘int’ may change the sign of the result [-Wsign-conversion]
C:\Users\Shinhanbum\Desktop\ExchangeAttack-master\CipherToolsL\..\Lib_Source\exchangeattack.c(2416,63): warning :  2416 |      temp_state1[in_active_indexes1[idx1]] = dat_tab[(dat_idx - cnt_idx)].pt[idx1];
C:\Users\Shinhanbum\Desktop\ExchangeAttack-master\CipherToolsL\..\Lib_Source\exchangeattack.c(2416,63): warning :       |                                                               ^
C:\Users\Shinhanbum\Desktop\ExchangeAttack-master\CipherToolsL\..\Lib_Source\exchangeattack.c(2422,63): warning : conversion to ‘uint64_t’ {aka ‘long unsigned int’} from ‘int’ may change the sign of the result [-Wsign-conversion]
C:\Users\Shinhanbum\Desktop\ExchangeAttack-master\CipherToolsL\..\Lib_Source\exchangeattack.c(2422,63): warning :  2422 |      temp_state2[in_active_indexes2[idx2]] = dat_tab[(dat_idx - cnt_idx)].pt[idx2 + 4];
C:\Users\Shinhanbum\Desktop\ExchangeAttack-master\CipherToolsL\..\Lib_Source\exchangeattack.c(2422,63): warning :       |                                                               ^
C:\Users\Shinhanbum\Desktop\ExchangeAttack-master\CipherToolsL\..\Lib_Source\exchangeattack.c(2479,14): warning : unsigned conversion from ‘int’ to ‘uint64_t’ {aka ‘long unsigned int’} changes value from ‘-1’ to ‘18446744073709551615’ [-Wsign-conversion]
C:\Users\Shinhanbum\Desktop\ExchangeAttack-master\CipherToolsL\..\Lib_Source\exchangeattack.c(2479,14): warning :  2479 |       return -1;
C:\Users\Shinhanbum\Desktop\ExchangeAttack-master\CipherToolsL\..\Lib_Source\exchangeattack.c(2479,14): warning :       |              ^
C:\Users\Shinhanbum\Desktop\ExchangeAttack-master\CipherToolsL\..\Lib_Source\exchangeattack.c(2487,14): warning : unsigned conversion from ‘int’ to ‘uint64_t’ {aka ‘long unsigned int’} changes value from ‘-1’ to ‘18446744073709551615’ [-Wsign-conversion]
C:\Users\Shinhanbum\Desktop\ExchangeAttack-master\CipherToolsL\..\Lib_Source\exchangeattack.c(2487,14): warning :  2487 |       return -1;
C:\Users\Shinhanbum\Desktop\ExchangeAttack-master\CipherToolsL\..\Lib_Source\exchangeattack.c(2487,14): warning :       |              ^
C:\Users\Shinhanbum\Desktop\ExchangeAttack-master\CipherToolsL\..\Lib_Source\exchangeattack.c(2493,66): warning : conversion to ‘uint64_t’ {aka ‘long unsigned int’} from ‘int’ may change the sign of the result [-Wsign-conversion]
C:\Users\Shinhanbum\Desktop\ExchangeAttack-master\CipherToolsL\..\Lib_Source\exchangeattack.c(2493,66): warning :  2493 |       found_pairs_2[found_pairs_2_num][i + 8] = dat_tab[(dat_idx - cnt_idx)].pt[i];
C:\Users\Shinhanbum\Desktop\ExchangeAttack-master\CipherToolsL\..\Lib_Source\exchangeattack.c(2493,66): warning :       |                                                                  ^
C:\Users\Shinhanbum\Desktop\ExchangeAttack-master\CipherToolsL\..\Lib_Source\exchangeattack.c(2530,27): warning : conversion to ‘uint64_t’ {aka ‘long unsigned int’} from ‘int’ may change the sign of the result [-Wsign-conversion]
C:\Users\Shinhanbum\Desktop\ExchangeAttack-master\CipherToolsL\..\Lib_Source\exchangeattack.c(2530,27): warning :  2530 |      if (dat_tab[(dat_idx - cnt_idx)].pt[i] != dat_tab[(dat_idx)].pt[i])
C:\Users\Shinhanbum\Desktop\ExchangeAttack-master\CipherToolsL\..\Lib_Source\exchangeattack.c(2530,27): warning :       |                           ^
C:\Users\Shinhanbum\Desktop\ExchangeAttack-master\CipherToolsL\..\Lib_Source\exchangeattack.c(2538,27): warning : conversion to ‘uint64_t’ {aka ‘long unsigned int’} from ‘int’ may change the sign of the result [-Wsign-conversion]
C:\Users\Shinhanbum\Desktop\ExchangeAttack-master\CipherToolsL\..\Lib_Source\exchangeattack.c(2538,27): warning :  2538 |      if (dat_tab[(dat_idx - cnt_idx)].pt[i] != dat_tab[(dat_idx)].pt[i])
C:\Users\Shinhanbum\Desktop\ExchangeAttack-master\CipherToolsL\..\Lib_Source\exchangeattack.c(2538,27): warning :       |                           ^
C:\Users\Shinhanbum\Desktop\ExchangeAttack-master\CipherToolsL\..\Lib_Source\exchangeattack.c(2555,63): warning : conversion to ‘uint64_t’ {aka ‘long unsigned int’} from ‘int’ may change the sign of the result [-Wsign-conversion]
C:\Users\Shinhanbum\Desktop\ExchangeAttack-master\CipherToolsL\..\Lib_Source\exchangeattack.c(2555,63): warning :  2555 |      temp_state1[in_active_indexes1[idx1]] = dat_tab[(dat_idx - cnt_idx)].pt[idx1];
C:\Users\Shinhanbum\Desktop\ExchangeAttack-master\CipherToolsL\..\Lib_Source\exchangeattack.c(2555,63): warning :       |                                                               ^
C:\Users\Shinhanbum\Desktop\ExchangeAttack-master\CipherToolsL\..\Lib_Source\exchangeattack.c(2561,63): warning : conversion to ‘uint64_t’ {aka ‘long unsigned int’} from ‘int’ may change the sign of the result [-Wsign-conversion]
C:\Users\Shinhanbum\Desktop\ExchangeAttack-master\CipherToolsL\..\Lib_Source\exchangeattack.c(2561,63): warning :  2561 |      temp_state2[in_active_indexes2[idx2]] = dat_tab[(dat_idx - cnt_idx)].pt[idx2 + 4];
C:\Users\Shinhanbum\Desktop\ExchangeAttack-master\CipherToolsL\..\Lib_Source\exchangeattack.c(2561,63): warning :       |                                                               ^
C:\Users\Shinhanbum\Desktop\ExchangeAttack-master\CipherToolsL\..\Lib_Source\exchangeattack.c(2618,14): warning : unsigned conversion from ‘int’ to ‘uint64_t’ {aka ‘long unsigned int’} changes value from ‘-1’ to ‘18446744073709551615’ [-Wsign-conversion]
C:\Users\Shinhanbum\Desktop\ExchangeAttack-master\CipherToolsL\..\Lib_Source\exchangeattack.c(2618,14): warning :  2618 |       return -1;
C:\Users\Shinhanbum\Desktop\ExchangeAttack-master\CipherToolsL\..\Lib_Source\exchangeattack.c(2618,14): warning :       |              ^
C:\Users\Shinhanbum\Desktop\ExchangeAttack-master\CipherToolsL\..\Lib_Source\exchangeattack.c(2626,14): warning : unsigned conversion from ‘int’ to ‘uint64_t’ {aka ‘long unsigned int’} changes value from ‘-1’ to ‘18446744073709551615’ [-Wsign-conversion]
C:\Users\Shinhanbum\Desktop\ExchangeAttack-master\CipherToolsL\..\Lib_Source\exchangeattack.c(2626,14): warning :  2626 |       return -1;
C:\Users\Shinhanbum\Desktop\ExchangeAttack-master\CipherToolsL\..\Lib_Source\exchangeattack.c(2626,14): warning :       |              ^
C:\Users\Shinhanbum\Desktop\ExchangeAttack-master\CipherToolsL\..\Lib_Source\exchangeattack.c(2632,66): warning : conversion to ‘uint64_t’ {aka ‘long unsigned int’} from ‘int’ may change the sign of the result [-Wsign-conversion]
C:\Users\Shinhanbum\Desktop\ExchangeAttack-master\CipherToolsL\..\Lib_Source\exchangeattack.c(2632,66): warning :  2632 |       found_pairs_2[found_pairs_2_num][i + 8] = dat_tab[(dat_idx - cnt_idx)].pt[i];
C:\Users\Shinhanbum\Desktop\ExchangeAttack-master\CipherToolsL\..\Lib_Source\exchangeattack.c(2632,66): warning :       |                                                                  ^
C:\Users\Shinhanbum\Desktop\ExchangeAttack-master\CipherToolsL\..\Lib_Source\exchangeattack.c(2683,38): warning : conversion from ‘uint64_t’ {aka ‘long unsigned int’} to ‘uint8_t’ {aka ‘unsigned char’} may change value [-Wconversion]
C:\Users\Shinhanbum\Desktop\ExchangeAttack-master\CipherToolsL\..\Lib_Source\exchangeattack.c(2683,38): warning :  2683 |     found_pairs_partial_1_state[i] = found_pairs_1[found_pairs_cnt][i] ^ ((key_guess >> ((3 - i) * 8)) & 0xff);
C:\Users\Shinhanbum\Desktop\ExchangeAttack-master\CipherToolsL\..\Lib_Source\exchangeattack.c(2683,38): warning :       |                                      ^~~~~~~~~~~~~
C:\Users\Shinhanbum\Desktop\ExchangeAttack-master\CipherToolsL\..\Lib_Source\exchangeattack.c(2686,38): warning : conversion from ‘uint64_t’ {aka ‘long unsigned int’} to ‘uint8_t’ {aka ‘unsigned char’} may change value [-Wconversion]
C:\Users\Shinhanbum\Desktop\ExchangeAttack-master\CipherToolsL\..\Lib_Source\exchangeattack.c(2686,38): warning :  2686 |     found_pairs_partial_2_state[i] = found_pairs_1[found_pairs_cnt][i + 8] ^ ((key_guess >> ((3 - i) * 8)) & 0xff);
C:\Users\Shinhanbum\Desktop\ExchangeAttack-master\CipherToolsL\..\Lib_Source\exchangeattack.c(2686,38): warning :       |                                      ^~~~~~~~~~~~~
C:\Users\Shinhanbum\Desktop\ExchangeAttack-master\CipherToolsL\..\Lib_Source\exchangeattack.c(2701,38): warning : conversion from ‘uint64_t’ {aka ‘long unsigned int’} to ‘uint8_t’ {aka ‘unsigned char’} may change value [-Wconversion]
C:\Users\Shinhanbum\Desktop\ExchangeAttack-master\CipherToolsL\..\Lib_Source\exchangeattack.c(2701,38): warning :  2701 |     found_pairs_partial_1_state[i] = found_pairs_1[found_pairs_cnt][((i + 1) % 4) + 4] ^ ((key_guess >> ((3 - i) * 8)) & 0xff);
C:\Users\Shinhanbum\Desktop\ExchangeAttack-master\CipherToolsL\..\Lib_Source\exchangeattack.c(2701,38): warning :       |                                      ^~~~~~~~~~~~~
C:\Users\Shinhanbum\Desktop\ExchangeAttack-master\CipherToolsL\..\Lib_Source\exchangeattack.c(2704,38): warning : conversion from ‘uint64_t’ {aka ‘long unsigned int’} to ‘uint8_t’ {aka ‘unsigned char’} may change value [-Wconversion]
C:\Users\Shinhanbum\Desktop\ExchangeAttack-master\CipherToolsL\..\Lib_Source\exchangeattack.c(2704,38): warning :  2704 |     found_pairs_partial_2_state[i] = found_pairs_1[found_pairs_cnt][((i + 1) % 4) + 12] ^ ((key_guess >> ((3 - i) * 8)) & 0xff);
C:\Users\Shinhanbum\Desktop\ExchangeAttack-master\CipherToolsL\..\Lib_Source\exchangeattack.c(2704,38): warning :       |                                      ^~~~~~~~~~~~~
C:\Users\Shinhanbum\Desktop\ExchangeAttack-master\CipherToolsL\..\Lib_Source\exchangeattack.c(2731,49): warning : conversion from ‘uint64_t’ {aka ‘long unsigned int’} to ‘uint32_t’ {aka ‘unsigned int’} may change value [-Wconversion]
C:\Users\Shinhanbum\Desktop\ExchangeAttack-master\CipherToolsL\..\Lib_Source\exchangeattack.c(2731,49): warning :  2731 |    key_candidate_dia0[key_candidate_num_dia0] = key_guess;
C:\Users\Shinhanbum\Desktop\ExchangeAttack-master\CipherToolsL\..\Lib_Source\exchangeattack.c(2731,49): warning :       |                                                 ^~~~~~~~~
C:\Users\Shinhanbum\Desktop\ExchangeAttack-master\CipherToolsL\..\Lib_Source\exchangeattack.c(2745,49): warning : conversion from ‘uint64_t’ {aka ‘long unsigned int’} to ‘uint32_t’ {aka ‘unsigned int’} may change value [-Wconversion]
C:\Users\Shinhanbum\Desktop\ExchangeAttack-master\CipherToolsL\..\Lib_Source\exchangeattack.c(2745,49): warning :  2745 |    key_candidate_dia1[key_candidate_num_dia1] = key_guess;
C:\Users\Shinhanbum\Desktop\ExchangeAttack-master\CipherToolsL\..\Lib_Source\exchangeattack.c(2745,49): warning :       |                                                 ^~~~~~~~~
C:\Users\Shinhanbum\Desktop\ExchangeAttack-master\CipherToolsL\..\Lib_Source\exchangeattack.c(2762,38): warning : conversion from ‘uint64_t’ {aka ‘long unsigned int’} to ‘uint8_t’ {aka ‘unsigned char’} may change value [-Wconversion]
C:\Users\Shinhanbum\Desktop\ExchangeAttack-master\CipherToolsL\..\Lib_Source\exchangeattack.c(2762,38): warning :  2762 |     found_pairs_partial_1_state[i] = found_pairs_2[found_pairs_cnt][((i + 2) % 4)] ^ ((key_guess >> ((3 - i) * 8)) & 0xff);
C:\Users\Shinhanbum\Desktop\ExchangeAttack-master\CipherToolsL\..\Lib_Source\exchangeattack.c(2762,38): warning :       |                                      ^~~~~~~~~~~~~
C:\Users\Shinhanbum\Desktop\ExchangeAttack-master\CipherToolsL\..\Lib_Source\exchangeattack.c(2765,38): warning : conversion from ‘uint64_t’ {aka ‘long unsigned int’} to ‘uint8_t’ {aka ‘unsigned char’} may change value [-Wconversion]
C:\Users\Shinhanbum\Desktop\ExchangeAttack-master\CipherToolsL\..\Lib_Source\exchangeattack.c(2765,38): warning :  2765 |     found_pairs_partial_2_state[i] = found_pairs_2[found_pairs_cnt][((i + 2) % 4) + 8] ^ ((key_guess >> ((3 - i) * 8)) & 0xff);
C:\Users\Shinhanbum\Desktop\ExchangeAttack-master\CipherToolsL\..\Lib_Source\exchangeattack.c(2765,38): warning :       |                                      ^~~~~~~~~~~~~
C:\Users\Shinhanbum\Desktop\ExchangeAttack-master\CipherToolsL\..\Lib_Source\exchangeattack.c(2780,38): warning : conversion from ‘uint64_t’ {aka ‘long unsigned int’} to ‘uint8_t’ {aka ‘unsigned char’} may change value [-Wconversion]
C:\Users\Shinhanbum\Desktop\ExchangeAttack-master\CipherToolsL\..\Lib_Source\exchangeattack.c(2780,38): warning :  2780 |     found_pairs_partial_1_state[i] = found_pairs_2[found_pairs_cnt][((i + 3) % 4) + 4] ^ ((key_guess >> ((3 - i) * 8)) & 0xff);
C:\Users\Shinhanbum\Desktop\ExchangeAttack-master\CipherToolsL\..\Lib_Source\exchangeattack.c(2780,38): warning :       |                                      ^~~~~~~~~~~~~
C:\Users\Shinhanbum\Desktop\ExchangeAttack-master\CipherToolsL\..\Lib_Source\exchangeattack.c(2783,38): warning : conversion from ‘uint64_t’ {aka ‘long unsigned int’} to ‘uint8_t’ {aka ‘unsigned char’} may change value [-Wconversion]
C:\Users\Shinhanbum\Desktop\ExchangeAttack-master\CipherToolsL\..\Lib_Source\exchangeattack.c(2783,38): warning :  2783 |     found_pairs_partial_2_state[i] = found_pairs_2[found_pairs_cnt][((i + 3) % 4) + 12] ^ ((key_guess >> ((3 - i) * 8)) & 0xff);
C:\Users\Shinhanbum\Desktop\ExchangeAttack-master\CipherToolsL\..\Lib_Source\exchangeattack.c(2783,38): warning :       |                                      ^~~~~~~~~~~~~
C:\Users\Shinhanbum\Desktop\ExchangeAttack-master\CipherToolsL\..\Lib_Source\exchangeattack.c(2810,49): warning : conversion from ‘uint64_t’ {aka ‘long unsigned int’} to ‘uint32_t’ {aka ‘unsigned int’} may change value [-Wconversion]
C:\Users\Shinhanbum\Desktop\ExchangeAttack-master\CipherToolsL\..\Lib_Source\exchangeattack.c(2810,49): warning :  2810 |    key_candidate_dia2[key_candidate_num_dia2] = key_guess;
C:\Users\Shinhanbum\Desktop\ExchangeAttack-master\CipherToolsL\..\Lib_Source\exchangeattack.c(2810,49): warning :       |                                                 ^~~~~~~~~
C:\Users\Shinhanbum\Desktop\ExchangeAttack-master\CipherToolsL\..\Lib_Source\exchangeattack.c(2824,49): warning : conversion from ‘uint64_t’ {aka ‘long unsigned int’} to ‘uint32_t’ {aka ‘unsigned int’} may change value [-Wconversion]
C:\Users\Shinhanbum\Desktop\ExchangeAttack-master\CipherToolsL\..\Lib_Source\exchangeattack.c(2824,49): warning :  2824 |    key_candidate_dia3[key_candidate_num_dia3] = key_guess;
C:\Users\Shinhanbum\Desktop\ExchangeAttack-master\CipherToolsL\..\Lib_Source\exchangeattack.c(2824,49): warning :       |                                                 ^~~~~~~~~
  개체를 연결하는 중
  CipherToolsL.vcxproj -> C:\Users\Shinhanbum\Desktop\ExchangeAttack-master\CipherToolsL\bin\x64\Release\libciphertools.so
  C:\Users\Shinhanbum\Desktop\ExchangeAttack-master\CipherToolsL\bin\x64\Release\libciphertools.so
  1개 파일이 복사되었습니다.
